#
# A fatal error has been detected by the Java Runtime Environment:
#
#  EXCEPTION_ACCESS_VIOLATION (0xc0000005) at pc=0x00007ffd21a76513, pid=13564, tid=32404
#
# JRE version: Java(TM) SE Runtime Environment (11.0.2+9) (build 11.0.2+9-LTS)
# Java VM: Java HotSpot(TM) 64-Bit Server VM (11.0.2+9-LTS, mixed mode, tiered, compressed oops, g1 gc, windows-amd64)
# Problematic frame:
# V  [jvm.dll+0x516513]
#
# No core dump will be written. Minidumps are not enabled by default on client versions of Windows
#
# If you would like to submit a bug report, please visit:
#   http://bugreport.java.com/bugreport/crash.jsp
#

---------------  S U M M A R Y ------------

Command Line: --module-path=C:\Program Files\javafx-sdk-11.0.2\lib --add-modules=javafx.controls,javafx.fxml,javafx.media -Dfile.encoding=MS932 ce1002.Final.s107502533.Final

Host: Intel(R) Core(TM) i7-7700HQ CPU @ 2.80GHz, 8 cores, 7G,  Windows 10 , 64 bit Build 17134 (10.0.17134.1)
Time: Sun Jun 16 21:07:58 2019 ?a?k?W?€???O elapsed time: 243 seconds (0d 0h 4m 3s)

---------------  T H R E A D  ---------------

Current thread (0x000001c1566f1000):  JavaThread "JavaFX Application Thread" [_thread_in_vm, id=32404, stack(0x0000009b0b700000,0x0000009b0b800000)]

Stack: [0x0000009b0b700000,0x0000009b0b800000],  sp=0x0000009b0b7fbea8,  free space=1007k
Native frames: (J=compiled Java code, j=interpreted, Vv=VM code, C=native code)
V  [jvm.dll+0x516513]

Java frames: (J=compiled Java code, j=interpreted, Vv=VM code)
j  com.sun.glass.ui.win.WinView._exitFullscreen(JZ)V+0 javafx.graphics
j  com.sun.glass.ui.View.exitFullscreen(Z)V+13 javafx.graphics
j  com.sun.javafx.tk.quantum.WindowStage.applyFullScreen()V+322 javafx.graphics
j  com.sun.javafx.tk.quantum.WindowStage.setFullScreen(Z)V+50 javafx.graphics
j  com.sun.javafx.tk.quantum.WindowStage.exitFullScreen()V+2 javafx.graphics
j  com.sun.javafx.tk.quantum.WindowStage.setScene(Lcom/sun/javafx/tk/TKScene;)V+12 javafx.graphics
j  javafx.stage.Window$SceneModel.updatePeerScene(Lcom/sun/javafx/tk/TKScene;)V+18 javafx.graphics
j  javafx.stage.Window$SceneModel.invalidated()V+35 javafx.graphics
J 5586 c2 javafx.beans.property.ObjectPropertyBase.set(Ljava/lang/Object;)V javafx.base (76 bytes) @ 0x000001c145e0be8c [0x000001c145e0bda0+0x00000000000000ec]
j  javafx.stage.Window.setScene(Ljavafx/scene/Scene;)V+5 javafx.graphics
j  javafx.stage.Stage.setScene(Ljavafx/scene/Scene;)V+8 javafx.graphics
j  ce1002.Final.s107502533.controller.mazecontroller.win()V+42
J 5387 c2 ce1002.Final.s107502533.controller.mazecontroller.lambda$34(Lce1002/Final/s107502533/soldier;Ljavafx/event/ActionEvent;)V (1037 bytes) @ 0x000001c145de2ed4 [0x000001c145de2220+0x0000000000000cb4]
J 4165 c2 ce1002.Final.s107502533.controller.mazecontroller$$Lambda$346.handle(Ljavafx/event/Event;)V (16 bytes) @ 0x000001c145984d18 [0x000001c145984cc0+0x0000000000000058]
J 3289 c2 com.sun.scenario.animation.shared.TimelineClipCore.playTo(J)V javafx.graphics (353 bytes) @ 0x000001c145b44b74 [0x000001c145b44a20+0x0000000000000154]
J 3732 c2 com.sun.scenario.animation.shared.InfiniteClipEnvelope.timePulse(J)V javafx.graphics (311 bytes) @ 0x000001c145b8d214 [0x000001c145b8d080+0x0000000000000194]
J 4026 c2 javafx.animation.Animation$1$$Lambda$263.run()Ljava/lang/Object; javafx.graphics (12 bytes) @ 0x000001c145bdd8f8 [0x000001c145bdd8a0+0x0000000000000058]
v  ~StubRoutines::call_stub
J 1818  java.security.AccessController.doPrivileged(Ljava/security/PrivilegedAction;Ljava/security/AccessControlContext;)Ljava/lang/Object; java.base@11.0.2 (0 bytes) @ 0x000001c145a36226 [0x000001c145a361c0+0x0000000000000066]
J 4581 c2 com.sun.glass.ui.InvokeLaterDispatcher$Future.run()V javafx.graphics (91 bytes) @ 0x000001c145cce7d4 [0x000001c145cce1a0+0x0000000000000634]
v  ~StubRoutines::call_stub
j  com.sun.glass.ui.win.WinApplication._runLoop(Ljava/lang/Runnable;)V+0 javafx.graphics
j  com.sun.glass.ui.win.WinApplication.lambda$runLoop$3(ILjava/lang/Runnable;)V+8 javafx.graphics
j  com.sun.glass.ui.win.WinApplication$$Lambda$88.run()V+12 javafx.graphics
j  java.lang.Thread.run()V+11 java.base@11.0.2
v  ~StubRoutines::call_stub

siginfo: EXCEPTION_ACCESS_VIOLATION (0xc0000005), reading address 0x000000010b6d6448


Register to memory mapping:

RIP=0x00007ffd21a76513 jvm.dll
RAX=0x000000000000003f is an unknown value
RBX=0x00007ffd21dea470 jvm.dll
RCX=0x000000010b6d6080 is an unknown value
RDX=0x000000000000003f is an unknown value
RSP=0x0000009b0b7fbea8 is pointing into the stack for thread: 0x000001c1566f1000
RBP=0x0000009b0b7fbfb0 is pointing into the stack for thread: 0x000001c1566f1000
RSI=0x000001c1566f1000 is a thread
RDI=0x000001c155d64990 points into unknown readable memory: 02 00 00 00 00 00 00 00
R8 ={method} {0x000001c1579f6610} 'notifyView' '(I)V' in 'com/sun/glass/ui/View'
R9 =0x0000000000000001 is an unknown value
R10=0x00000001000f25c0 is a pointer to class: 
com.sun.glass.ui.View {0x00000001000f25c8}
R11=0x0000000000000246 is an unknown value
R12=0x0000009b0b7fc070 is pointing into the stack for thread: 0x000001c1566f1000
R13=0x0000000000000002 is an unknown value
R14=0x000001c156eb3880 points into unknown readable memory: 70 a4 de 21 fd 7f 00 00
R15=0x0000000000000001 is an unknown value


Registers:
RAX=0x000000000000003f, RBX=0x00007ffd21dea470, RCX=0x000000010b6d6080, RDX=0x000000000000003f
RSP=0x0000009b0b7fbea8, RBP=0x0000009b0b7fbfb0, RSI=0x000001c1566f1000, RDI=0x000001c155d64990
R8 =0x000001c1579f6608, R9 =0x0000000000000001, R10=0x00000001000f25c0, R11=0x0000000000000246
R12=0x0000009b0b7fc070, R13=0x0000000000000002, R14=0x000001c156eb3880, R15=0x0000000000000001
RIP=0x00007ffd21a76513, EFLAGS=0x0000000000010202

Top of Stack: (sp=0x0000009b0b7fbea8)
0x0000009b0b7fbea8:   00007ffd21943b17 00007ffd303a17a0
0x0000009b0b7fbeb8:   0000000000000000 0000000000000000
0x0000009b0b7fbec8:   0000000000000000 00007ffd303a17a0
0x0000009b0b7fbed8:   0000000080000000 00000000c0000388
0x0000009b0b7fbee8:   00007ffd5ecd699c 0000009b0b7fc0a0
0x0000009b0b7fbef8:   000001c1566f1340 0000000000000000
0x0000009b0b7fbf08:   0000000000000000 0000000040000000
0x0000009b0b7fbf18:   0000000080000000 00000000c0000388
0x0000009b0b7fbf28:   00007ffd5ecd699c 0000000040000000
0x0000009b0b7fbf38:   00007ffd303a17a0 00000000001508d8
0x0000009b0b7fbf48:   00007ffd00000047 0000000000000000
0x0000009b0b7fbf58:   0000009b0b7fc060 0000000000000000
0x0000009b0b7fbf68:   00007ffd00000001 0000000000000000
0x0000009b0b7fbf78:   0000000000000000 0000000000000000
0x0000009b0b7fbf88:   00007ffd5ece4c27 0000000000000000
0x0000009b0b7fbf98:   0000000000000000 0000000000000000 

Instructions: (pc=0x00007ffd21a76513)
0x00007ffd21a764f3:   0c 00 ff c3 41 3b 9e c4 00 00 00 7c d0 48 83 c4
0x00007ffd21a76503:   30 41 5e 5f 5e 5b 5d c3 cc cc cc cc cc 48 63 c2
0x00007ffd21a76513:   48 8b 84 c1 d0 01 00 00 c3 cc cc cc cc 48 89 5c
0x00007ffd21a76523:   24 08 48 89 6c 24 10 48 89 74 24 18 48 89 7c 24 


Stack slot to memory mapping:
stack at sp + 0 slots: 0x00007ffd21943b17 jvm.dll
stack at sp + 1 slots: 0x00007ffd303a17a0 glass.dll
stack at sp + 2 slots: 0x0 is NULL
stack at sp + 3 slots: 0x0 is NULL
stack at sp + 4 slots: 0x0 is NULL
stack at sp + 5 slots: 0x00007ffd303a17a0 glass.dll
stack at sp + 6 slots: 0x0000000080000000 is an unknown value
stack at sp + 7 slots: 
[error occurred during error reporting (inspecting top of stack), id 0xc0000005, EXCEPTION_ACCESS_VIOLATION (0xc0000005) at pc=0x00007ffd21852eb6]


---------------  P R O C E S S  ---------------

Threads class SMR info:
_java_thread_list=0x000001c15677a1d0, length=17, elements={
0x000001c134385000, 0x000001c154f26000, 0x000001c154f30800, 0x000001c154f3f000,
0x000001c15584a000, 0x000001c15584d800, 0x000001c15584f000, 0x000001c154f4a000,
0x000001c1559cd000, 0x000001c155e0c800, 0x000001c156878800, 0x000001c156f6e800,
0x000001c1566f1000, 0x000001c156c25800, 0x000001c1571a2800, 0x000001c15e73a000,
0x000001c15ef3e000
}

Java Threads: ( => current thread )
  0x000001c134385000 JavaThread "main" [_thread_blocked, id=3888, stack(0x0000009b0a200000,0x0000009b0a300000)]
  0x000001c154f26000 JavaThread "Reference Handler" daemon [_thread_blocked, id=15984, stack(0x0000009b0a900000,0x0000009b0aa00000)]
  0x000001c154f30800 JavaThread "Finalizer" daemon [_thread_blocked, id=22520, stack(0x0000009b0aa00000,0x0000009b0ab00000)]
  0x000001c154f3f000 JavaThread "Signal Dispatcher" daemon [_thread_blocked, id=15800, stack(0x0000009b0ab00000,0x0000009b0ac00000)]
  0x000001c15584a000 JavaThread "Attach Listener" daemon [_thread_blocked, id=24904, stack(0x0000009b0ac00000,0x0000009b0ad00000)]
  0x000001c15584d800 JavaThread "C2 CompilerThread0" daemon [_thread_blocked, id=16256, stack(0x0000009b0ad00000,0x0000009b0ae00000)]
  0x000001c15584f000 JavaThread "C1 CompilerThread0" daemon [_thread_blocked, id=5648, stack(0x0000009b0ae00000,0x0000009b0af00000)]
  0x000001c154f4a000 JavaThread "Sweeper thread" daemon [_thread_blocked, id=20016, stack(0x0000009b0af00000,0x0000009b0b000000)]
  0x000001c1559cd000 JavaThread "Common-Cleaner" daemon [_thread_blocked, id=19344, stack(0x0000009b0b000000,0x0000009b0b100000)]
  0x000001c155e0c800 JavaThread "Service Thread" daemon [_thread_blocked, id=34480, stack(0x0000009b0b300000,0x0000009b0b400000)]
  0x000001c156878800 JavaThread "QuantumRenderer-0" daemon [_thread_blocked, id=33316, stack(0x0000009b0b500000,0x0000009b0b600000)]
  0x000001c156f6e800 JavaThread "InvokeLaterDispatcher" daemon [_thread_blocked, id=22964, stack(0x0000009b0b600000,0x0000009b0b700000)]
=>0x000001c1566f1000 JavaThread "JavaFX Application Thread" [_thread_in_vm, id=32404, stack(0x0000009b0b700000,0x0000009b0b800000)]
  0x000001c156c25800 JavaThread "JavaFX-Launcher" [_thread_blocked, id=13708, stack(0x0000009b0bc00000,0x0000009b0bd00000)]
  0x000001c1571a2800 JavaThread "Thread-2" daemon [_thread_in_native, id=18936, stack(0x0000009b0bb00000,0x0000009b0bc00000)]
  0x000001c15e73a000 JavaThread "Prism Font Disposer" daemon [_thread_blocked, id=33616, stack(0x0000009b0c400000,0x0000009b0c500000)]
  0x000001c15ef3e000 JavaThread "Cleaner-0" daemon [_thread_blocked, id=31564, stack(0x0000009b0c500000,0x0000009b0c600000)]

Other Threads:
  0x000001c154f20000 VMThread "VM Thread" [stack: 0x0000009b0a800000,0x0000009b0a900000] [id=21732]
  0x000001c15637f000 WatcherThread [stack: 0x0000009b0b400000,0x0000009b0b500000] [id=7592]
  0x000001c13439a000 GCTaskThread "GC Thread#0" [stack: 0x0000009b0a300000,0x0000009b0a400000] [id=16884]
  0x000001c15677b000 GCTaskThread "GC Thread#1" [stack: 0x0000009b0bd00000,0x0000009b0be00000] [id=4100]
  0x000001c156922000 GCTaskThread "GC Thread#2" [stack: 0x0000009b0be00000,0x0000009b0bf00000] [id=1884]
  0x000001c156778000 GCTaskThread "GC Thread#3" [stack: 0x0000009b0bf00000,0x0000009b0c000000] [id=15060]
  0x000001c156f09800 GCTaskThread "GC Thread#4" [stack: 0x0000009b0c000000,0x0000009b0c100000] [id=26480]
  0x000001c156f0a800 GCTaskThread "GC Thread#5" [stack: 0x0000009b0c100000,0x0000009b0c200000] [id=45660]
  0x000001c1343ca800 ConcurrentGCThread "G1 Main Marker" [stack: 0x0000009b0a400000,0x0000009b0a500000] [id=22812]
  0x000001c1343cc800 ConcurrentGCThread "G1 Conc#0" [stack: 0x0000009b0a500000,0x0000009b0a600000] [id=14968]
  0x000001c167bb9000 ConcurrentGCThread "G1 Conc#1" [stack: 0x0000009b0b200000,0x0000009b0b300000] [id=32844]
  0x000001c154d66800 ConcurrentGCThread "G1 Refine#0" [stack: 0x0000009b0a600000,0x0000009b0a700000] [id=17420]
  0x000001c154d67000 ConcurrentGCThread "G1 Young RemSet Sampling" [stack: 0x0000009b0a700000,0x0000009b0a800000] [id=14440]

Threads with active compile tasks:

VM state:not at safepoint (normal execution)

VM Mutex/Monitor currently owned by a thread: None

Heap address: 0x0000000081c00000, size: 2020 MB, Compressed Oops mode: 32-bit
Narrow klass base: 0x0000000000000000, Narrow klass shift: 3
Compressed class space size: 1073741824 Address: 0x0000000100000000

Heap:
 garbage-first heap   total 198656K, used 191453K [0x0000000081c00000, 0x0000000100000000)
  region size 1024K, 7 young (7168K), 1 survivors (1024K)
 Metaspace       used 24462K, capacity 25211K, committed 25344K, reserved 1071104K
  class space    used 2738K, capacity 3057K, committed 3072K, reserved 1048576K
Heap Regions: E=young(eden), S=young(survivor), O=old, HS=humongous(starts), HC=humongous(continues), CS=collection set, F=free, A=archive, TAMS=top-at-mark-start (previous, next)
|   0|0x0000000081c00000, 0x0000000081d00000, 0x0000000081d00000|100%| O|  |TAMS 0x0000000081d00000, 0x0000000081c00000| Untracked 
|   1|0x0000000081d00000, 0x0000000081e00000, 0x0000000081e00000|100%|HS|  |TAMS 0x0000000081e00000, 0x0000000081d00000| Complete 
|   2|0x0000000081e00000, 0x0000000081f00000, 0x0000000081f00000|100%|HC|  |TAMS 0x0000000081f00000, 0x0000000081e00000| Complete 
|   3|0x0000000081f00000, 0x0000000082000000, 0x0000000082000000|100%|HC|  |TAMS 0x0000000082000000, 0x0000000081f00000| Complete 
|   4|0x0000000082000000, 0x0000000082100000, 0x0000000082100000|100%|HC|  |TAMS 0x0000000082100000, 0x0000000082000000| Complete 
|   5|0x0000000082100000, 0x0000000082200000, 0x0000000082200000|100%|HC|  |TAMS 0x0000000082200000, 0x0000000082100000| Complete 
|   6|0x0000000082200000, 0x0000000082300000, 0x0000000082300000|100%|HS|  |TAMS 0x0000000082300000, 0x0000000082200000| Complete 
|   7|0x0000000082300000, 0x0000000082400000, 0x0000000082400000|100%|HS|  |TAMS 0x0000000082400000, 0x0000000082300000| Complete 
|   8|0x0000000082400000, 0x0000000082500000, 0x0000000082500000|100%|HS|  |TAMS 0x0000000082500000, 0x0000000082400000| Complete 
|   9|0x0000000082500000, 0x0000000082600000, 0x0000000082600000|100%|HC|  |TAMS 0x0000000082600000, 0x0000000082500000| Complete 
|  10|0x0000000082600000, 0x0000000082700000, 0x0000000082700000|100%|HC|  |TAMS 0x0000000082700000, 0x0000000082600000| Complete 
|  11|0x0000000082700000, 0x0000000082800000, 0x0000000082800000|100%|HC|  |TAMS 0x0000000082800000, 0x0000000082700000| Complete 
|  12|0x0000000082800000, 0x0000000082900000, 0x0000000082900000|100%|HC|  |TAMS 0x0000000082900000, 0x0000000082800000| Complete 
|  13|0x0000000082900000, 0x0000000082a00000, 0x0000000082a00000|100%|HS|  |TAMS 0x0000000082a00000, 0x0000000082900000| Complete 
|  14|0x0000000082a00000, 0x0000000082b00000, 0x0000000082b00000|100%|HC|  |TAMS 0x0000000082b00000, 0x0000000082a00000| Complete 
|  15|0x0000000082b00000, 0x0000000082c00000, 0x0000000082c00000|100%| O|  |TAMS 0x0000000082c00000, 0x0000000082b00000| Untracked 
|  16|0x0000000082c00000, 0x0000000082d00000, 0x0000000082d00000|100%| O|  |TAMS 0x0000000082d00000, 0x0000000082c00000| Untracked 
|  17|0x0000000082d00000, 0x0000000082e00000, 0x0000000082e00000|100%|HS|  |TAMS 0x0000000082e00000, 0x0000000082d00000| Complete 
|  18|0x0000000082e00000, 0x0000000082f00000, 0x0000000082f00000|100%|HC|  |TAMS 0x0000000082f00000, 0x0000000082e00000| Complete 
|  19|0x0000000082f00000, 0x0000000083000000, 0x0000000083000000|100%|HC|  |TAMS 0x0000000083000000, 0x0000000082f00000| Complete 
|  20|0x0000000083000000, 0x0000000083100000, 0x0000000083100000|100%|HC|  |TAMS 0x0000000083100000, 0x0000000083000000| Complete 
|  21|0x0000000083100000, 0x0000000083200000, 0x0000000083200000|100%|HC|  |TAMS 0x0000000083200000, 0x0000000083100000| Complete 
|  22|0x0000000083200000, 0x0000000083300000, 0x0000000083300000|100%|HC|  |TAMS 0x0000000083300000, 0x0000000083200000| Complete 
|  23|0x0000000083300000, 0x0000000083400000, 0x0000000083400000|100%| O|  |TAMS 0x0000000083400000, 0x0000000083300000| Untracked 
|  24|0x0000000083400000, 0x0000000083500000, 0x0000000083500000|100%| O|  |TAMS 0x0000000083500000, 0x0000000083400000| Untracked 
|  25|0x0000000083500000, 0x0000000083600000, 0x0000000083600000|100%|HS|  |TAMS 0x0000000083600000, 0x0000000083500000| Complete 
|  26|0x0000000083600000, 0x0000000083700000, 0x0000000083700000|100%|HC|  |TAMS 0x0000000083700000, 0x0000000083600000| Complete 
|  27|0x0000000083700000, 0x0000000083800000, 0x0000000083800000|100%|HC|  |TAMS 0x0000000083800000, 0x0000000083700000| Complete 
|  28|0x0000000083800000, 0x0000000083900000, 0x0000000083900000|100%|HC|  |TAMS 0x0000000083900000, 0x0000000083800000| Complete 
|  29|0x0000000083900000, 0x0000000083a00000, 0x0000000083a00000|100%|HC|  |TAMS 0x0000000083a00000, 0x0000000083900000| Complete 
|  30|0x0000000083a00000, 0x0000000083b00000, 0x0000000083b00000|100%|HC|  |TAMS 0x0000000083b00000, 0x0000000083a00000| Complete 
|  31|0x0000000083b00000, 0x0000000083c00000, 0x0000000083c00000|100%|HS|  |TAMS 0x0000000083c00000, 0x0000000083b00000| Complete 
|  32|0x0000000083c00000, 0x0000000083d00000, 0x0000000083d00000|100%|HC|  |TAMS 0x0000000083d00000, 0x0000000083c00000| Complete 
|  33|0x0000000083d00000, 0x0000000083e00000, 0x0000000083e00000|100%|HS|  |TAMS 0x0000000083e00000, 0x0000000083d00000| Complete 
|  34|0x0000000083e00000, 0x0000000083f00000, 0x0000000083f00000|100%|HC|  |TAMS 0x0000000083f00000, 0x0000000083e00000| Complete 
|  35|0x0000000083f00000, 0x0000000084000000, 0x0000000084000000|100%|HC|  |TAMS 0x0000000084000000, 0x0000000083f00000| Complete 
|  36|0x0000000084000000, 0x0000000084100000, 0x0000000084100000|100%|HC|  |TAMS 0x0000000084100000, 0x0000000084000000| Complete 
|  37|0x0000000084100000, 0x0000000084200000, 0x0000000084200000|100%|HC|  |TAMS 0x0000000084200000, 0x0000000084100000| Complete 
|  38|0x0000000084200000, 0x0000000084300000, 0x0000000084300000|100%|HC|  |TAMS 0x0000000084300000, 0x0000000084200000| Complete 
|  39|0x0000000084300000, 0x0000000084400000, 0x0000000084400000|100%| O|  |TAMS 0x0000000084400000, 0x0000000084300000| Untracked 
|  40|0x0000000084400000, 0x0000000084500000, 0x0000000084500000|100%| O|  |TAMS 0x0000000084500000, 0x0000000084400000| Untracked 
|  41|0x0000000084500000, 0x0000000084600000, 0x0000000084600000|100%|HS|  |TAMS 0x0000000084600000, 0x0000000084500000| Complete 
|  42|0x0000000084600000, 0x0000000084700000, 0x0000000084700000|100%|HC|  |TAMS 0x0000000084700000, 0x0000000084600000| Complete 
|  43|0x0000000084700000, 0x0000000084800000, 0x0000000084800000|100%|HC|  |TAMS 0x0000000084800000, 0x0000000084700000| Complete 
|  44|0x0000000084800000, 0x0000000084900000, 0x0000000084900000|100%|HC|  |TAMS 0x0000000084900000, 0x0000000084800000| Complete 
|  45|0x0000000084900000, 0x0000000084a00000, 0x0000000084a00000|100%|HC|  |TAMS 0x0000000084a00000, 0x0000000084900000| Complete 
|  46|0x0000000084a00000, 0x0000000084b00000, 0x0000000084b00000|100%|HC|  |TAMS 0x0000000084b00000, 0x0000000084a00000| Complete 
|  47|0x0000000084b00000, 0x0000000084c00000, 0x0000000084c00000|100%| O|  |TAMS 0x0000000084c00000, 0x0000000084b00000| Untracked 
|  48|0x0000000084c00000, 0x0000000084d00000, 0x0000000084d00000|100%| O|  |TAMS 0x0000000084d00000, 0x0000000084c00000| Untracked 
|  49|0x0000000084d00000, 0x0000000084e00000, 0x0000000084e00000|100%|HS|  |TAMS 0x0000000084e00000, 0x0000000084d00000| Complete 
|  50|0x0000000084e00000, 0x0000000084f00000, 0x0000000084f00000|100%|HC|  |TAMS 0x0000000084f00000, 0x0000000084e00000| Complete 
|  51|0x0000000084f00000, 0x0000000085000000, 0x0000000085000000|100%|HC|  |TAMS 0x0000000085000000, 0x0000000084f00000| Complete 
|  52|0x0000000085000000, 0x0000000085100000, 0x0000000085100000|100%|HC|  |TAMS 0x0000000085100000, 0x0000000085000000| Complete 
|  53|0x0000000085100000, 0x0000000085200000, 0x0000000085200000|100%|HC|  |TAMS 0x0000000085200000, 0x0000000085100000| Complete 
|  54|0x0000000085200000, 0x0000000085300000, 0x0000000085300000|100%|HC|  |TAMS 0x0000000085300000, 0x0000000085200000| Complete 
|  55|0x0000000085300000, 0x0000000085400000, 0x0000000085400000|100%|HS|  |TAMS 0x0000000085400000, 0x0000000085300000| Complete 
|  56|0x0000000085400000, 0x0000000085500000, 0x0000000085500000|100%|HS|  |TAMS 0x0000000085500000, 0x0000000085400000| Complete 
|  57|0x0000000085500000, 0x0000000085600000, 0x0000000085600000|100%| O|  |TAMS 0x0000000085600000, 0x0000000085500000| Untracked 
|  58|0x0000000085600000, 0x0000000085700000, 0x0000000085700000|100%| O|  |TAMS 0x0000000085700000, 0x0000000085600000| Untracked 
|  59|0x0000000085700000, 0x0000000085800000, 0x0000000085800000|100%| O|  |TAMS 0x0000000085800000, 0x0000000085700000| Untracked 
|  60|0x0000000085800000, 0x0000000085900000, 0x0000000085900000|100%| O|  |TAMS 0x0000000085900000, 0x0000000085800000| Untracked 
|  61|0x0000000085900000, 0x0000000085a00000, 0x0000000085a00000|100%| O|  |TAMS 0x0000000085a00000, 0x0000000085900000| Untracked 
|  62|0x0000000085a00000, 0x0000000085b00000, 0x0000000085b00000|100%| O|  |TAMS 0x0000000085b00000, 0x0000000085a00000| Untracked 
|  63|0x0000000085b00000, 0x0000000085c00000, 0x0000000085c00000|100%|HS|  |TAMS 0x0000000085c00000, 0x0000000085b00000| Complete 
|  64|0x0000000085c00000, 0x0000000085d00000, 0x0000000085d00000|100%|HC|  |TAMS 0x0000000085d00000, 0x0000000085c00000| Complete 
|  65|0x0000000085d00000, 0x0000000085e00000, 0x0000000085e00000|100%|HC|  |TAMS 0x0000000085e00000, 0x0000000085d00000| Complete 
|  66|0x0000000085e00000, 0x0000000085f00000, 0x0000000085f00000|100%|HC|  |TAMS 0x0000000085f00000, 0x0000000085e00000| Complete 
|  67|0x0000000085f00000, 0x0000000086000000, 0x0000000086000000|100%|HC|  |TAMS 0x0000000086000000, 0x0000000085f00000| Complete 
|  68|0x0000000086000000, 0x0000000086100000, 0x0000000086100000|100%|HC|  |TAMS 0x0000000086100000, 0x0000000086000000| Complete 
|  69|0x0000000086100000, 0x0000000086200000, 0x0000000086200000|100%|HS|  |TAMS 0x0000000086200000, 0x0000000086100000| Complete 
|  70|0x0000000086200000, 0x0000000086300000, 0x0000000086300000|100%|HC|  |TAMS 0x0000000086300000, 0x0000000086200000| Complete 
|  71|0x0000000086300000, 0x0000000086400000, 0x0000000086400000|100%|HS|  |TAMS 0x0000000086400000, 0x0000000086300000| Complete 
|  72|0x0000000086400000, 0x0000000086500000, 0x0000000086500000|100%|HC|  |TAMS 0x0000000086500000, 0x0000000086400000| Complete 
|  73|0x0000000086500000, 0x0000000086600000, 0x0000000086600000|100%|HS|  |TAMS 0x0000000086600000, 0x0000000086500000| Complete 
|  74|0x0000000086600000, 0x0000000086700000, 0x0000000086700000|100%|HC|  |TAMS 0x0000000086700000, 0x0000000086600000| Complete 
|  75|0x0000000086700000, 0x0000000086800000, 0x0000000086800000|100%|HC|  |TAMS 0x0000000086800000, 0x0000000086700000| Complete 
|  76|0x0000000086800000, 0x0000000086900000, 0x0000000086900000|100%|HC|  |TAMS 0x0000000086900000, 0x0000000086800000| Complete 
|  77|0x0000000086900000, 0x0000000086a00000, 0x0000000086a00000|100%|HC|  |TAMS 0x0000000086a00000, 0x0000000086900000| Complete 
|  78|0x0000000086a00000, 0x0000000086b00000, 0x0000000086b00000|100%|HS|  |TAMS 0x0000000086b00000, 0x0000000086a00000| Complete 
|  79|0x0000000086b00000, 0x0000000086c00000, 0x0000000086c00000|100%|HS|  |TAMS 0x0000000086c00000, 0x0000000086b00000| Complete 
|  80|0x0000000086c00000, 0x0000000086d00000, 0x0000000086d00000|100%|HS|  |TAMS 0x0000000086d00000, 0x0000000086c00000| Complete 
|  81|0x0000000086d00000, 0x0000000086e00000, 0x0000000086e00000|100%|HC|  |TAMS 0x0000000086e00000, 0x0000000086d00000| Complete 
|  82|0x0000000086e00000, 0x0000000086f00000, 0x0000000086f00000|100%|HS|  |TAMS 0x0000000086f00000, 0x0000000086e00000| Complete 
|  83|0x0000000086f00000, 0x0000000087000000, 0x0000000087000000|100%|HS|  |TAMS 0x0000000087000000, 0x0000000086f00000| Complete 
|  84|0x0000000087000000, 0x0000000087100000, 0x0000000087100000|100%| O|  |TAMS 0x0000000087100000, 0x0000000087000000| Untracked 
|  85|0x0000000087100000, 0x0000000087200000, 0x0000000087200000|100%| O|  |TAMS 0x0000000087200000, 0x0000000087100000| Untracked 
|  86|0x0000000087200000, 0x0000000087300000, 0x0000000087300000|100%| O|  |TAMS 0x0000000087300000, 0x0000000087200000| Untracked 
|  87|0x0000000087300000, 0x0000000087400000, 0x0000000087400000|100%| O|  |TAMS 0x0000000087400000, 0x0000000087300000| Untracked 
|  88|0x0000000087400000, 0x0000000087500000, 0x0000000087500000|100%|HS|  |TAMS 0x0000000087500000, 0x0000000087400000| Complete 
|  89|0x0000000087500000, 0x0000000087600000, 0x0000000087600000|100%|HS|  |TAMS 0x0000000087600000, 0x0000000087500000| Complete 
|  90|0x0000000087600000, 0x0000000087700000, 0x0000000087700000|100%|HS|  |TAMS 0x0000000087700000, 0x0000000087600000| Complete 
|  91|0x0000000087700000, 0x0000000087800000, 0x0000000087800000|100%|HC|  |TAMS 0x0000000087800000, 0x0000000087700000| Complete 
|  92|0x0000000087800000, 0x0000000087900000, 0x0000000087900000|100%|HC|  |TAMS 0x0000000087900000, 0x0000000087800000| Complete 
|  93|0x0000000087900000, 0x0000000087a00000, 0x0000000087a00000|100%|HC|  |TAMS 0x0000000087a00000, 0x0000000087900000| Complete 
|  94|0x0000000087a00000, 0x0000000087b00000, 0x0000000087b00000|100%|HC|  |TAMS 0x0000000087b00000, 0x0000000087a00000| Complete 
|  95|0x0000000087b00000, 0x0000000087c00000, 0x0000000087c00000|100%|HS|  |TAMS 0x0000000087c00000, 0x0000000087b00000| Complete 
|  96|0x0000000087c00000, 0x0000000087d00000, 0x0000000087d00000|100%|HC|  |TAMS 0x0000000087d00000, 0x0000000087c00000| Complete 
|  97|0x0000000087d00000, 0x0000000087e00000, 0x0000000087e00000|100%|HS|  |TAMS 0x0000000087e00000, 0x0000000087d00000| Complete 
|  98|0x0000000087e00000, 0x0000000087f00000, 0x0000000087f00000|100%|HC|  |TAMS 0x0000000087f00000, 0x0000000087e00000| Complete 
|  99|0x0000000087f00000, 0x0000000088000000, 0x0000000088000000|100%|HS|  |TAMS 0x0000000088000000, 0x0000000087f00000| Complete 
| 100|0x0000000088000000, 0x0000000088100000, 0x0000000088100000|100%|HC|  |TAMS 0x0000000088100000, 0x0000000088000000| Complete 
| 101|0x0000000088100000, 0x0000000088200000, 0x0000000088200000|100%|HS|  |TAMS 0x0000000088200000, 0x0000000088100000| Complete 
| 102|0x0000000088200000, 0x0000000088300000, 0x0000000088300000|100%|HC|  |TAMS 0x0000000088300000, 0x0000000088200000| Complete 
| 103|0x0000000088300000, 0x0000000088400000, 0x0000000088400000|100%| O|  |TAMS 0x0000000088400000, 0x0000000088300000| Untracked 
| 104|0x0000000088400000, 0x0000000088500000, 0x0000000088500000|100%|HS|  |TAMS 0x0000000088500000, 0x0000000088400000| Complete 
| 105|0x0000000088500000, 0x0000000088600000, 0x0000000088600000|100%|HS|  |TAMS 0x0000000088600000, 0x0000000088500000| Complete 
| 106|0x0000000088600000, 0x0000000088700000, 0x0000000088700000|100%|HC|  |TAMS 0x0000000088700000, 0x0000000088600000| Complete 
| 107|0x0000000088700000, 0x0000000088800000, 0x0000000088800000|100%|HS|  |TAMS 0x0000000088800000, 0x0000000088700000| Complete 
| 108|0x0000000088800000, 0x0000000088900000, 0x0000000088900000|100%|HC|  |TAMS 0x0000000088900000, 0x0000000088800000| Complete 
| 109|0x0000000088900000, 0x0000000088a00000, 0x0000000088a00000|100%|HS|  |TAMS 0x0000000088a00000, 0x0000000088900000| Complete 
| 110|0x0000000088a00000, 0x0000000088b00000, 0x0000000088b00000|100%|HC|  |TAMS 0x0000000088b00000, 0x0000000088a00000| Complete 
| 111|0x0000000088b00000, 0x0000000088c00000, 0x0000000088c00000|100%|HS|  |TAMS 0x0000000088c00000, 0x0000000088b00000| Complete 
| 112|0x0000000088c00000, 0x0000000088d00000, 0x0000000088d00000|100%|HC|  |TAMS 0x0000000088d00000, 0x0000000088c00000| Complete 
| 113|0x0000000088d00000, 0x0000000088e00000, 0x0000000088e00000|100%|HS|  |TAMS 0x0000000088e00000, 0x0000000088d00000| Complete 
| 114|0x0000000088e00000, 0x0000000088f00000, 0x0000000088f00000|100%|HC|  |TAMS 0x0000000088f00000, 0x0000000088e00000| Complete 
| 115|0x0000000088f00000, 0x0000000089000000, 0x0000000089000000|100%|HS|  |TAMS 0x0000000089000000, 0x0000000088f00000| Complete 
| 116|0x0000000089000000, 0x0000000089100000, 0x0000000089100000|100%|HC|  |TAMS 0x0000000089100000, 0x0000000089000000| Complete 
| 117|0x0000000089100000, 0x0000000089200000, 0x0000000089200000|100%|HS|  |TAMS 0x0000000089200000, 0x0000000089100000| Complete 
| 118|0x0000000089200000, 0x0000000089300000, 0x0000000089300000|100%|HC|  |TAMS 0x0000000089300000, 0x0000000089200000| Complete 
| 119|0x0000000089300000, 0x0000000089400000, 0x0000000089400000|100%|HS|  |TAMS 0x0000000089400000, 0x0000000089300000| Complete 
| 120|0x0000000089400000, 0x0000000089500000, 0x0000000089500000|100%|HC|  |TAMS 0x0000000089500000, 0x0000000089400000| Complete 
| 121|0x0000000089500000, 0x0000000089600000, 0x0000000089600000|100%|HS|  |TAMS 0x0000000089600000, 0x0000000089500000| Complete 
| 122|0x0000000089600000, 0x0000000089700000, 0x0000000089700000|100%| O|  |TAMS 0x0000000089700000, 0x0000000089600000| Untracked 
| 123|0x0000000089700000, 0x0000000089800000, 0x0000000089800000|100%|HS|  |TAMS 0x0000000089800000, 0x0000000089700000| Complete 
| 124|0x0000000089800000, 0x0000000089900000, 0x0000000089900000|100%|HS|  |TAMS 0x0000000089900000, 0x0000000089800000| Complete 
| 125|0x0000000089900000, 0x0000000089a00000, 0x0000000089a00000|100%|HS|  |TAMS 0x0000000089a00000, 0x0000000089900000| Complete 
| 126|0x0000000089a00000, 0x0000000089b00000, 0x0000000089b00000|100%|HC|  |TAMS 0x0000000089b00000, 0x0000000089a00000| Complete 
| 127|0x0000000089b00000, 0x0000000089c00000, 0x0000000089c00000|100%|HS|  |TAMS 0x0000000089c00000, 0x0000000089b00000| Complete 
| 128|0x0000000089c00000, 0x0000000089d00000, 0x0000000089d00000|100%|HS|  |TAMS 0x0000000089d00000, 0x0000000089c00000| Complete 
| 129|0x0000000089d00000, 0x0000000089e00000, 0x0000000089e00000|100%|HC|  |TAMS 0x0000000089e00000, 0x0000000089d00000| Complete 
| 130|0x0000000089e00000, 0x0000000089f00000, 0x0000000089f00000|100%| O|  |TAMS 0x0000000089f00000, 0x0000000089e00000| Untracked 
| 131|0x0000000089f00000, 0x000000008a000000, 0x000000008a000000|100%|HS|  |TAMS 0x000000008a000000, 0x0000000089f00000| Complete 
| 132|0x000000008a000000, 0x000000008a100000, 0x000000008a100000|100%|HS|  |TAMS 0x000000008a100000, 0x000000008a000000| Complete 
| 133|0x000000008a100000, 0x000000008a200000, 0x000000008a200000|100%|HS|  |TAMS 0x000000008a200000, 0x000000008a100000| Complete 
| 134|0x000000008a200000, 0x000000008a300000, 0x000000008a300000|100%|HC|  |TAMS 0x000000008a300000, 0x000000008a200000| Complete 
| 135|0x000000008a300000, 0x000000008a400000, 0x000000008a400000|100%|HS|  |TAMS 0x000000008a400000, 0x000000008a300000| Complete 
| 136|0x000000008a400000, 0x000000008a500000, 0x000000008a500000|100%|HS|  |TAMS 0x000000008a500000, 0x000000008a400000| Complete 
| 137|0x000000008a500000, 0x000000008a600000, 0x000000008a600000|100%|HC|  |TAMS 0x000000008a600000, 0x000000008a500000| Complete 
| 138|0x000000008a600000, 0x000000008a700000, 0x000000008a700000|100%|HS|  |TAMS 0x000000008a700000, 0x000000008a600000| Complete 
| 139|0x000000008a700000, 0x000000008a800000, 0x000000008a800000|100%|HC|  |TAMS 0x000000008a800000, 0x000000008a700000| Complete 
| 140|0x000000008a800000, 0x000000008a900000, 0x000000008a900000|100%|HS|  |TAMS 0x000000008a900000, 0x000000008a800000| Complete 
| 141|0x000000008a900000, 0x000000008aa00000, 0x000000008aa00000|100%|HC|  |TAMS 0x000000008aa00000, 0x000000008a900000| Complete 
| 142|0x000000008aa00000, 0x000000008ab00000, 0x000000008ab00000|100%|HS|  |TAMS 0x000000008ab00000, 0x000000008aa00000| Complete 
| 143|0x000000008ab00000, 0x000000008ac00000, 0x000000008ac00000|100%|HC|  |TAMS 0x000000008ac00000, 0x000000008ab00000| Complete 
| 144|0x000000008ac00000, 0x000000008ad00000, 0x000000008ad00000|100%|HS|  |TAMS 0x000000008ad00000, 0x000000008ac00000| Complete 
| 145|0x000000008ad00000, 0x000000008ae00000, 0x000000008ae00000|100%|HC|  |TAMS 0x000000008ae00000, 0x000000008ad00000| Complete 
| 146|0x000000008ae00000, 0x000000008af00000, 0x000000008af00000|100%|HS|  |TAMS 0x000000008af00000, 0x000000008ae00000| Complete 
| 147|0x000000008af00000, 0x000000008b000000, 0x000000008b000000|100%|HS|  |TAMS 0x000000008b000000, 0x000000008af00000| Complete 
| 148|0x000000008b000000, 0x000000008b100000, 0x000000008b100000|100%|HC|  |TAMS 0x000000008b100000, 0x000000008b000000| Complete 
| 149|0x000000008b100000, 0x000000008b200000, 0x000000008b200000|100%|HS|  |TAMS 0x000000008b200000, 0x000000008b100000| Complete 
| 150|0x000000008b200000, 0x000000008b300000, 0x000000008b300000|100%| O|  |TAMS 0x000000008b300000, 0x000000008b200000| Untracked 
| 151|0x000000008b300000, 0x000000008b400000, 0x000000008b400000|100%|HS|  |TAMS 0x000000008b400000, 0x000000008b300000| Complete 
| 152|0x000000008b400000, 0x000000008b500000, 0x000000008b500000|100%|HS|  |TAMS 0x000000008b500000, 0x000000008b400000| Complete 
| 153|0x000000008b500000, 0x000000008b600000, 0x000000008b600000|100%|HS|  |TAMS 0x000000008b600000, 0x000000008b500000| Complete 
| 154|0x000000008b600000, 0x000000008b700000, 0x000000008b700000|100%|HC|  |TAMS 0x000000008b700000, 0x000000008b600000| Complete 
| 155|0x000000008b700000, 0x000000008b800000, 0x000000008b800000|100%|HS|  |TAMS 0x000000008b800000, 0x000000008b700000| Complete 
| 156|0x000000008b800000, 0x000000008b900000, 0x000000008b900000|100%|HC|  |TAMS 0x000000008b900000, 0x000000008b800000| Complete 
| 157|0x000000008b900000, 0x000000008ba00000, 0x000000008ba00000|100%|HS|  |TAMS 0x000000008ba00000, 0x000000008b900000| Complete 
| 158|0x000000008ba00000, 0x000000008bb00000, 0x000000008bb00000|100%|HS|  |TAMS 0x000000008bb00000, 0x000000008ba00000| Complete 
| 159|0x000000008bb00000, 0x000000008bc00000, 0x000000008bc00000|100%|HS|  |TAMS 0x000000008bc00000, 0x000000008bb00000| Complete 
| 160|0x000000008bc00000, 0x000000008bd00000, 0x000000008bd00000|100%|HC|  |TAMS 0x000000008bd00000, 0x000000008bc00000| Complete 
| 161|0x000000008bd00000, 0x000000008be00000, 0x000000008be00000|100%|HS|  |TAMS 0x000000008be00000, 0x000000008bd00000| Complete 
| 162|0x000000008be00000, 0x000000008bf00000, 0x000000008bf00000|100%|HS|  |TAMS 0x000000008bf00000, 0x000000008be00000| Complete 
| 163|0x000000008bf00000, 0x000000008c000000, 0x000000008c000000|100%|HS|  |TAMS 0x000000008c000000, 0x000000008bf00000| Complete 
| 164|0x000000008c000000, 0x000000008c100000, 0x000000008c100000|100%|HC|  |TAMS 0x000000008c100000, 0x000000008c000000| Complete 
| 165|0x000000008c100000, 0x000000008c200000, 0x000000008c200000|100%|HS|  |TAMS 0x000000008c200000, 0x000000008c100000| Complete 
| 166|0x000000008c200000, 0x000000008c300000, 0x000000008c300000|100%|HS|  |TAMS 0x000000008c300000, 0x000000008c200000| Complete 
| 167|0x000000008c300000, 0x000000008c400000, 0x000000008c400000|100%|HS|  |TAMS 0x000000008c400000, 0x000000008c300000| Complete 
| 168|0x000000008c400000, 0x000000008c500000, 0x000000008c500000|100%|HS|  |TAMS 0x000000008c500000, 0x000000008c400000| Complete 
| 169|0x000000008c500000, 0x000000008c600000, 0x000000008c600000|100%|HC|  |TAMS 0x000000008c600000, 0x000000008c500000| Complete 
| 170|0x000000008c600000, 0x000000008c700000, 0x000000008c700000|100%|HS|  |TAMS 0x000000008c700000, 0x000000008c600000| Complete 
| 171|0x000000008c700000, 0x000000008c800000, 0x000000008c800000|100%|HC|  |TAMS 0x000000008c800000, 0x000000008c700000| Complete 
| 172|0x000000008c800000, 0x000000008c900000, 0x000000008c900000|100%|HS|  |TAMS 0x000000008c900000, 0x000000008c800000| Complete 
| 173|0x000000008c900000, 0x000000008ca00000, 0x000000008ca00000|100%| O|  |TAMS 0x000000008ca00000, 0x000000008c900000| Untracked 
| 174|0x000000008ca00000, 0x000000008cb00000, 0x000000008cb00000|100%|HS|  |TAMS 0x000000008cb00000, 0x000000008ca00000| Complete 
| 175|0x000000008cb00000, 0x000000008cc00000, 0x000000008cc00000|100%|HS|  |TAMS 0x000000008cc00000, 0x000000008cb00000| Complete 
| 176|0x000000008cc00000, 0x000000008cc3bbb0, 0x000000008cd00000| 23%| S|CS|TAMS 0x000000008cc00000, 0x000000008cc00000| Complete 
| 177|0x000000008cd00000, 0x000000008ce00000, 0x000000008ce00000|100%|HS|  |TAMS 0x000000008ce00000, 0x000000008cd00000| Complete 
| 178|0x000000008ce00000, 0x000000008cf00000, 0x000000008cf00000|100%|HC|  |TAMS 0x000000008cf00000, 0x000000008ce00000| Complete 
| 179|0x000000008cf00000, 0x000000008cf00000, 0x000000008d000000|  0%| F|  |TAMS 0x000000008cf00000, 0x000000008cf00000| Untracked 
| 180|0x000000008d000000, 0x000000008d0bbc00, 0x000000008d100000| 73%| O|  |TAMS 0x000000008d000000, 0x000000008d000000| Untracked 
| 181|0x000000008d100000, 0x000000008d100000, 0x000000008d200000|  0%| F|  |TAMS 0x000000008d100000, 0x000000008d100000| Untracked 
| 182|0x000000008d200000, 0x000000008d200000, 0x000000008d300000|  0%| F|  |TAMS 0x000000008d200000, 0x000000008d200000| Untracked 
| 183|0x000000008d300000, 0x000000008d300000, 0x000000008d400000|  0%| F|  |TAMS 0x000000008d300000, 0x000000008d300000| Untracked 
| 184|0x000000008d400000, 0x000000008d400000, 0x000000008d500000|  0%| F|  |TAMS 0x000000008d400000, 0x000000008d400000| Untracked 
| 185|0x000000008d500000, 0x000000008d526600, 0x000000008d600000| 14%| E|  |TAMS 0x000000008d500000, 0x000000008d500000| Complete 
| 186|0x000000008d600000, 0x000000008d700000, 0x000000008d700000|100%| E|CS|TAMS 0x000000008d600000, 0x000000008d600000| Complete 
| 187|0x000000008d700000, 0x000000008d800000, 0x000000008d800000|100%| E|CS|TAMS 0x000000008d700000, 0x000000008d700000| Complete 
| 188|0x000000008d800000, 0x000000008d900000, 0x000000008d900000|100%|HS|  |TAMS 0x000000008d900000, 0x000000008d800000| Complete 
| 189|0x000000008d900000, 0x000000008da00000, 0x000000008da00000|100%| E|CS|TAMS 0x000000008d900000, 0x000000008d900000| Complete 
| 190|0x000000008da00000, 0x000000008db00000, 0x000000008db00000|100%| E|CS|TAMS 0x000000008da00000, 0x000000008da00000| Complete 
| 191|0x000000008db00000, 0x000000008dc00000, 0x000000008dc00000|100%| E|CS|TAMS 0x000000008db00000, 0x000000008db00000| Complete 
| 192|0x000000008dc00000, 0x000000008dd00000, 0x000000008dd00000|100%| O|  |TAMS 0x000000008dd00000, 0x000000008dc00000| Untracked 
| 193|0x000000008dd00000, 0x000000008de00000, 0x000000008de00000|100%| O|  |TAMS 0x000000008ddee200, 0x000000008dd00000| Untracked 

Card table byte_map: [0x000001c14dd20000,0x000001c14e120000] _byte_map_base: 0x000001c14d912000

Marking Bits (Prev, Next): (CMBitMap*) 0x000001c1343c1ca0, (CMBitMap*) 0x000001c1343c1c68
 Prev Bits: [0x000001c1504b0000, 0x000001c152440000)
 Next Bits: [0x000001c14e520000, 0x000001c1504b0000)

Polling page: 0x000001c134460000

Metaspace:

Usage:
  Non-class:     21.63 MB capacity,    21.21 MB ( 98%) used,   339.27 KB (  2%) free+waste,    91.25 KB ( <1%) overhead. 
      Class:      2.99 MB capacity,     2.67 MB ( 90%) used,   273.76 KB (  9%) free+waste,    44.38 KB (  1%) overhead. 
       Both:     24.62 MB capacity,    23.89 MB ( 97%) used,   613.03 KB (  2%) free+waste,   135.63 KB ( <1%) overhead. 

Virtual space:
  Non-class space:       22.00 MB reserved,      21.75 MB ( 99%) committed 
      Class space:        1.00 GB reserved,       3.00 MB ( <1%) committed 
             Both:        1.02 GB reserved,      24.75 MB (  2%) committed 

Chunk freelists:
   Non-Class:  6.75 KB
       Class:  0 bytes
        Both:  6.75 KB

CodeHeap 'non-profiled nmethods': size=120000Kb used=5102Kb max_used=5102Kb free=114898Kb
 bounds [0x000001c145970000, 0x000001c145e70000, 0x000001c14cea0000]
CodeHeap 'profiled nmethods': size=120000Kb used=12052Kb max_used=12052Kb free=107947Kb
 bounds [0x000001c13e440000, 0x000001c13f020000, 0x000001c145970000]
CodeHeap 'non-nmethods': size=5760Kb used=1334Kb max_used=1398Kb free=4425Kb
 bounds [0x000001c13dea0000, 0x000001c13e110000, 0x000001c13e440000]
 total_blobs=8744 nmethods=5115 adapters=669
 compilation: enabled
              stopped_count=0, restarted_count=0
 full_count=0

Compilation events (10 events):
Event: 243.486 Thread 0x000001c15584f000 5815       3       javafx.scene.control.Labeled$StyleableProperties$3::isSettable (9 bytes)
Event: 243.486 Thread 0x000001c15584f000 nmethod 5815 0x000001c13f00f310 code [0x000001c13f00f4e0, 0x000001c13f00f910]
Event: 243.486 Thread 0x000001c15584f000 5816       3       javafx.scene.control.Labeled$StyleableProperties$3::isSettable (23 bytes)
Event: 243.486 Thread 0x000001c15584f000 nmethod 5816 0x000001c13f00fa90 code [0x000001c13f00fc60, 0x000001c13f00ff50]
Event: 243.486 Thread 0x000001c15584f000 5817       3       javafx.scene.control.Labeled$StyleableProperties$10::isSettable (9 bytes)
Event: 243.486 Thread 0x000001c15584f000 nmethod 5817 0x000001c13f010090 code [0x000001c13f010260, 0x000001c13f010718]
Event: 243.486 Thread 0x000001c15584f000 5818       3       javafx.css.SizeUnits$9::pixels (2 bytes)
Event: 243.486 Thread 0x000001c15584f000 nmethod 5818 0x000001c13e6fbf90 code [0x000001c13e6fc140, 0x000001c13e6fc298]
Event: 243.486 Thread 0x000001c15584f000 5806       1       com.sun.javafx.scene.control.inputmap.InputMap::getMappings (5 bytes)
Event: 243.486 Thread 0x000001c15584f000 nmethod 5806 0x000001c145e67510 code [0x000001c145e676c0, 0x000001c145e677d8]

GC Heap History (10 events):
Event: 233.595 GC heap before
{Heap before GC invocations=196 (full 0):
 garbage-first heap   total 195584K, used 193056K [0x0000000081c00000, 0x0000000100000000)
  region size 1024K, 9 young (9216K), 1 survivors (1024K)
 Metaspace       used 24433K, capacity 25211K, committed 25344K, reserved 1071104K
  class space    used 2738K, capacity 3057K, committed 3072K, reserved 1048576K
}
Event: 233.597 GC heap after
{Heap after GC invocations=197 (full 0):
 garbage-first heap   total 196608K, used 187218K [0x0000000081c00000, 0x0000000100000000)
  region size 1024K, 2 young (2048K), 2 survivors (2048K)
 Metaspace       used 24433K, capacity 25211K, committed 25344K, reserved 1071104K
  class space    used 2738K, capacity 3057K, committed 3072K, reserved 1048576K
}
Event: 235.107 GC heap before
{Heap before GC invocations=197 (full 0):
 garbage-first heap   total 196608K, used 194386K [0x0000000081c00000, 0x0000000100000000)
  region size 1024K, 9 young (9216K), 2 survivors (2048K)
 Metaspace       used 24437K, capacity 25211K, committed 25344K, reserved 1071104K
  class space    used 2738K, capacity 3057K, committed 3072K, reserved 1048576K
}
Event: 235.109 GC heap after
{Heap after GC invocations=198 (full 0):
 garbage-first heap   total 198656K, used 188182K [0x0000000081c00000, 0x0000000100000000)
  region size 1024K, 1 young (1024K), 1 survivors (1024K)
 Metaspace       used 24437K, capacity 25211K, committed 25344K, reserved 1071104K
  class space    used 2738K, capacity 3057K, committed 3072K, reserved 1048576K
}
Event: 236.794 GC heap before
{Heap before GC invocations=198 (full 0):
 garbage-first heap   total 198656K, used 195350K [0x0000000081c00000, 0x0000000100000000)
  region size 1024K, 9 young (9216K), 1 survivors (1024K)
 Metaspace       used 24437K, capacity 25211K, committed 25344K, reserved 1071104K
  class space    used 2738K, capacity 3057K, committed 3072K, reserved 1048576K
}
Event: 236.796 GC heap after
{Heap after GC invocations=199 (full 0):
 garbage-first heap   total 198656K, used 189073K [0x0000000081c00000, 0x0000000100000000)
  region size 1024K, 2 young (2048K), 2 survivors (2048K)
 Metaspace       used 24437K, capacity 25211K, committed 25344K, reserved 1071104K
  class space    used 2738K, capacity 3057K, committed 3072K, reserved 1048576K
}
Event: 238.931 GC heap before
{Heap before GC invocations=200 (full 0):
 garbage-first heap   total 198656K, used 196241K [0x0000000081c00000, 0x0000000100000000)
  region size 1024K, 9 young (9216K), 2 survivors (2048K)
 Metaspace       used 24437K, capacity 25211K, committed 25344K, reserved 1071104K
  class space    used 2738K, capacity 3057K, committed 3072K, reserved 1048576K
}
Event: 238.932 GC heap after
{Heap after GC invocations=201 (full 0):
 garbage-first heap   total 198656K, used 189021K [0x0000000081c00000, 0x0000000100000000)
  region size 1024K, 1 young (1024K), 1 survivors (1024K)
 Metaspace       used 24437K, capacity 25211K, committed 25344K, reserved 1071104K
  class space    used 2738K, capacity 3057K, committed 3072K, reserved 1048576K
}
Event: 241.827 GC heap before
{Heap before GC invocations=201 (full 0):
 garbage-first heap   total 198656K, used 197213K [0x0000000081c00000, 0x0000000100000000)
  region size 1024K, 9 young (9216K), 1 survivors (1024K)
 Metaspace       used 24437K, capacity 25211K, committed 25344K, reserved 1071104K
  class space    used 2738K, capacity 3057K, committed 3072K, reserved 1048576K
}
Event: 241.829 GC heap after
{Heap after GC invocations=202 (full 0):
 garbage-first heap   total 198656K, used 186333K [0x0000000081c00000, 0x0000000100000000)
  region size 1024K, 1 young (1024K), 1 survivors (1024K)
 Metaspace       used 24437K, capacity 25211K, committed 25344K, reserved 1071104K
  class space    used 2738K, capacity 3057K, committed 3072K, reserved 1048576K
}

Deoptimization events (10 events):
Event: 243.486 Thread 0x000001c1566f1000 Uncommon trap: reason=unstable_if action=reinterpret pc=0x000001c145d0c9ac method=javafx.scene.Parent.updateCachedBounds(Ljava/util/List;I)Z @ 7 c2
Event: 243.486 Thread 0x000001c1566f1000 Uncommon trap: reason=class_check action=maybe_recompile pc=0x000001c145e64738 method=javafx.scene.Parent.createCachedBounds(Ljava/util/List;)V @ 26 c2
Event: 243.486 Thread 0x000001c1566f1000 Uncommon trap: reason=unstable_if action=reinterpret pc=0x000001c145aa52a0 method=javafx.scene.Scene.isDirty(Ljavafx/scene/Scene$DirtyBits;)Z @ 9 c2
Event: 243.486 Thread 0x000001c1566f1000 Uncommon trap: reason=unstable_if action=reinterpret pc=0x000001c145d1425c method=javafx.scene.Scene$ScenePulseListener.synchronizeSceneNodes()V @ 18 c2
Event: 243.486 Thread 0x000001c1566f1000 Uncommon trap: reason=unstable_if action=reinterpret pc=0x000001c145af3110 method=javafx.scene.Scene$MouseHandler.pulse()V @ 4 c2
Event: 243.486 Thread 0x000001c1566f1000 Uncommon trap: reason=unstable_if action=reinterpret pc=0x000001c145c91d28 method=javafx.scene.Scene$MouseHandler.updateCursorFrame()V @ 29 c2
Event: 243.486 Thread 0x000001c156878800 Uncommon trap: reason=class_check action=maybe_recompile pc=0x000001c145ae9d10 method=java.util.concurrent.ThreadPoolExecutor.getTask()Ljava/lang/Runnable; @ 152 c2
Event: 243.486 Thread 0x000001c156878800 Uncommon trap: reason=unstable_if action=reinterpret pc=0x000001c145bd0a80 method=com.sun.javafx.tk.quantum.SceneState.isValid()Z @ 4 c2
Event: 243.486 Thread 0x000001c156878800 Uncommon trap: reason=unstable_if action=reinterpret pc=0x000001c145d44188 method=com.sun.javafx.tk.quantum.ViewPainter.paintImpl(Lcom/sun/prism/Graphics;)V @ 15 c2
Event: 243.486 Thread 0x000001c156878800 Uncommon trap: reason=class_check action=maybe_recompile pc=0x000001c145e0c75c method=com.sun.javafx.tk.RenderJob.run()V @ 78 c2

Classes redefined (0 events):
No events

Internal exceptions (10 events):
Event: 68.986 Thread 0x000001c156878800 Implicit null exception at 0x000001c145b5efac to 0x000001c145b5f02a
Event: 68.986 Thread 0x000001c156878800 Implicit null exception at 0x000001c145bdaf8b to 0x000001c145bdb00a
Event: 73.618 Thread 0x000001c1566f1000 Implicit null exception at 0x000001c145ca748b to 0x000001c145ca78b6
Event: 79.231 Thread 0x000001c156878800 Implicit null exception at 0x000001c145c58801 to 0x000001c145c5a74e
Event: 140.940 Thread 0x000001c1566f1000 Implicit null exception at 0x000001c145aaefa7 to 0x000001c145aaf98e
Event: 243.467 Thread 0x000001c1566f1000 Implicit null exception at 0x000001c145e198a9 to 0x000001c145e1a236
Event: 243.467 Thread 0x000001c1566f1000 Implicit null exception at 0x000001c145d6b3f3 to 0x000001c145d6b576
Event: 243.467 Thread 0x000001c1566f1000 Implicit null exception at 0x000001c145db550a to 0x000001c145db5fb2
Event: 243.482 Thread 0x000001c1566f1000 Implicit null exception at 0x000001c145e38b48 to 0x000001c145e3e622
Event: 243.486 Thread 0x000001c156878800 Implicit null exception at 0x000001c145d3fc29 to 0x000001c145d44172

Events (10 events):
Event: 243.486 Thread 0x000001c156878800 DEOPT UNPACKING pc=0x000001c13dec8f2f sp=0x0000009b0b5feba8 mode 2
Event: 243.486 Thread 0x000001c156878800 Uncommon trap: trap_request=0xffffff4d fr.pc=0x000001c145bd0a80 relative=0x0000000000001440
Event: 243.486 Thread 0x000001c156878800 DEOPT PACKING pc=0x000001c145bd0a80 sp=0x0000009b0b5feb70
Event: 243.486 Thread 0x000001c156878800 DEOPT UNPACKING pc=0x000001c13dec8f2f sp=0x0000009b0b5fea58 mode 2
Event: 243.486 Thread 0x000001c156878800 Uncommon trap: trap_request=0xffffff4d fr.pc=0x000001c145d44188 relative=0x00000000000045a8
Event: 243.486 Thread 0x000001c156878800 DEOPT PACKING pc=0x000001c145d44188 sp=0x0000009b0b5fea50
Event: 243.486 Thread 0x000001c156878800 DEOPT UNPACKING pc=0x000001c13dec8f2f sp=0x0000009b0b5fea40 mode 2
Event: 243.486 Thread 0x000001c156878800 Uncommon trap: trap_request=0xffffffde fr.pc=0x000001c145e0c75c relative=0x000000000000047c
Event: 243.486 Thread 0x000001c156878800 DEOPT PACKING pc=0x000001c145e0c75c sp=0x0000009b0b5febf0
Event: 243.486 Thread 0x000001c156878800 DEOPT UNPACKING pc=0x000001c13dec8f2f sp=0x0000009b0b5febc0 mode 2


Dynamic libraries:
0x00007ff7a6e40000 - 0x00007ff7a6e87000 	C:\Program Files\Java\jdk-11.0.2\bin\javaw.exe
0x00007ffd5f2f0000 - 0x00007ffd5f4d1000 	C:\WINDOWS\SYSTEM32\ntdll.dll
0x00007ffd5e600000 - 0x00007ffd5e6b2000 	C:\WINDOWS\System32\KERNEL32.DLL
0x00007ffd5b6c0000 - 0x00007ffd5b933000 	C:\WINDOWS\System32\KERNELBASE.dll
0x00007ffd5cd90000 - 0x00007ffd5ce31000 	C:\WINDOWS\System32\ADVAPI32.dll
0x00007ffd5e6c0000 - 0x00007ffd5e75e000 	C:\WINDOWS\System32\msvcrt.dll
0x00007ffd5ce40000 - 0x00007ffd5ce9b000 	C:\WINDOWS\System32\sechost.dll
0x00007ffd5e760000 - 0x00007ffd5e884000 	C:\WINDOWS\System32\RPCRT4.dll
0x00007ffd5ecc0000 - 0x00007ffd5ee50000 	C:\WINDOWS\System32\USER32.dll
0x00007ffd5bb90000 - 0x00007ffd5bbb0000 	C:\WINDOWS\System32\win32u.dll
0x00007ffd5cf00000 - 0x00007ffd5cf28000 	C:\WINDOWS\System32\GDI32.dll
0x00007ffd5b9f0000 - 0x00007ffd5bb82000 	C:\WINDOWS\System32\gdi32full.dll
0x00007ffd5c320000 - 0x00007ffd5c3bf000 	C:\WINDOWS\System32\msvcp_win.dll
0x00007ffd5c440000 - 0x00007ffd5c53a000 	C:\WINDOWS\System32\ucrtbase.dll
0x00007ffd4f700000 - 0x00007ffd4f969000 	C:\WINDOWS\WinSxS\amd64_microsoft.windows.common-controls_6595b64144ccf1df_6.0.17134.112_none_fb3f961b30681c12\COMCTL32.dll
0x00007ffd54fc0000 - 0x00007ffd54fca000 	C:\WINDOWS\SYSTEM32\VERSION.dll
0x00007ffd5c900000 - 0x00007ffd5cc23000 	C:\WINDOWS\System32\combase.dll
0x00007ffd5c3c0000 - 0x00007ffd5c43a000 	C:\WINDOWS\System32\bcryptPrimitives.dll
0x00007ffd5cf30000 - 0x00007ffd5cf5d000 	C:\WINDOWS\System32\IMM32.DLL
0x00007ffd44d30000 - 0x00007ffd44d46000 	C:\Program Files\Java\jdk-11.0.2\bin\vcruntime140.dll
0x00007ffd32d80000 - 0x00007ffd32e2a000 	C:\Program Files\Java\jdk-11.0.2\bin\msvcp140.dll
0x00007ffd21560000 - 0x00007ffd22087000 	C:\Program Files\Java\jdk-11.0.2\bin\server\jvm.dll
0x00007ffd5ec00000 - 0x00007ffd5ec08000 	C:\WINDOWS\System32\PSAPI.DLL
0x00007ffd46b10000 - 0x00007ffd46b19000 	C:\WINDOWS\SYSTEM32\WSOCK32.dll
0x00007ffd57cc0000 - 0x00007ffd57ce3000 	C:\WINDOWS\SYSTEM32\WINMM.dll
0x00007ffd5e890000 - 0x00007ffd5e8fc000 	C:\WINDOWS\System32\WS2_32.dll
0x00007ffd57c90000 - 0x00007ffd57cba000 	C:\WINDOWS\SYSTEM32\WINMMBASE.dll
0x00007ffd5c540000 - 0x00007ffd5c589000 	C:\WINDOWS\System32\cfgmgr32.dll
0x00007ffd5b660000 - 0x00007ffd5b671000 	C:\WINDOWS\System32\kernel.appcore.dll
0x00007ffd57ef0000 - 0x00007ffd57f01000 	C:\Program Files\Java\jdk-11.0.2\bin\verify.dll
0x00007ffd5a060000 - 0x00007ffd5a229000 	C:\WINDOWS\SYSTEM32\DBGHELP.DLL
0x00007ffd46030000 - 0x00007ffd46059000 	C:\WINDOWS\SYSTEM32\dbgcore.DLL
0x00007ffd55880000 - 0x00007ffd558a9000 	C:\Program Files\Java\jdk-11.0.2\bin\java.dll
0x00007ffd55c90000 - 0x00007ffd55ca6000 	C:\Program Files\Java\jdk-11.0.2\bin\zip.dll
0x00007ffd569b0000 - 0x00007ffd569ba000 	C:\Program Files\Java\jdk-11.0.2\bin\jimage.dll
0x00007ffd5d0c0000 - 0x00007ffd5e500000 	C:\WINDOWS\System32\SHELL32.dll
0x00007ffd5ec10000 - 0x00007ffd5ecb9000 	C:\WINDOWS\System32\shcore.dll
0x00007ffd5bbb0000 - 0x00007ffd5c2bd000 	C:\WINDOWS\System32\windows.storage.dll
0x00007ffd5cc30000 - 0x00007ffd5cc81000 	C:\WINDOWS\System32\shlwapi.dll
0x00007ffd5b680000 - 0x00007ffd5b69f000 	C:\WINDOWS\System32\profapi.dll
0x00007ffd5b610000 - 0x00007ffd5b65c000 	C:\WINDOWS\System32\powrprof.dll
0x00007ffd5b600000 - 0x00007ffd5b60a000 	C:\WINDOWS\System32\FLTLIB.DLL
0x00007ffd54750000 - 0x00007ffd54769000 	C:\Program Files\Java\jdk-11.0.2\bin\net.dll
0x00007ffd53600000 - 0x00007ffd536dd000 	C:\WINDOWS\SYSTEM32\WINHTTP.dll
0x00007ffd4d040000 - 0x00007ffd4d208000 	C:\WINDOWS\SYSTEM32\urlmon.dll
0x00007ffd4e000000 - 0x00007ffd4e2a2000 	C:\WINDOWS\SYSTEM32\iertutil.dll
0x00007ffd5b050000 - 0x00007ffd5b05b000 	C:\WINDOWS\SYSTEM32\CRYPTBASE.DLL
0x00007ffd5ae80000 - 0x00007ffd5aee6000 	C:\WINDOWS\system32\mswsock.dll
0x00007ffd545a0000 - 0x00007ffd545b3000 	C:\Program Files\Java\jdk-11.0.2\bin\nio.dll
0x000001c1573d0000 - 0x000001c1573d3000 	C:\Program Files\javafx-sdk-11.0.2\bin\api-ms-win-core-console-l1-1-0.dll
0x000001c1573e0000 - 0x000001c1573e3000 	C:\Program Files\javafx-sdk-11.0.2\bin\api-ms-win-core-datetime-l1-1-0.dll
0x000001c1573f0000 - 0x000001c1573f3000 	C:\Program Files\javafx-sdk-11.0.2\bin\api-ms-win-core-debug-l1-1-0.dll
0x000001c157400000 - 0x000001c157403000 	C:\Program Files\javafx-sdk-11.0.2\bin\api-ms-win-core-errorhandling-l1-1-0.dll
0x000001c157410000 - 0x000001c157414000 	C:\Program Files\javafx-sdk-11.0.2\bin\api-ms-win-core-file-l1-1-0.dll
0x000001c157420000 - 0x000001c157423000 	C:\Program Files\javafx-sdk-11.0.2\bin\api-ms-win-core-file-l1-2-0.dll
0x000001c157430000 - 0x000001c157433000 	C:\Program Files\javafx-sdk-11.0.2\bin\api-ms-win-core-file-l2-1-0.dll
0x000001c157440000 - 0x000001c157443000 	C:\Program Files\javafx-sdk-11.0.2\bin\api-ms-win-core-handle-l1-1-0.dll
0x000001c157450000 - 0x000001c157453000 	C:\Program Files\javafx-sdk-11.0.2\bin\api-ms-win-core-heap-l1-1-0.dll
0x000001c157460000 - 0x000001c157463000 	C:\Program Files\javafx-sdk-11.0.2\bin\api-ms-win-core-interlocked-l1-1-0.dll
0x000001c157470000 - 0x000001c157473000 	C:\Program Files\javafx-sdk-11.0.2\bin\api-ms-win-core-libraryloader-l1-1-0.dll
0x000001c157480000 - 0x000001c157483000 	C:\Program Files\javafx-sdk-11.0.2\bin\api-ms-win-core-localization-l1-2-0.dll
0x000001c157490000 - 0x000001c157493000 	C:\Program Files\javafx-sdk-11.0.2\bin\api-ms-win-core-memory-l1-1-0.dll
0x000001c1574a0000 - 0x000001c1574a3000 	C:\Program Files\javafx-sdk-11.0.2\bin\api-ms-win-core-namedpipe-l1-1-0.dll
0x000001c1574b0000 - 0x000001c1574b3000 	C:\Program Files\javafx-sdk-11.0.2\bin\api-ms-win-core-processenvironment-l1-1-0.dll
0x000001c1574c0000 - 0x000001c1574c3000 	C:\Program Files\javafx-sdk-11.0.2\bin\api-ms-win-core-processthreads-l1-1-0.dll
0x000001c1574d0000 - 0x000001c1574d3000 	C:\Program Files\javafx-sdk-11.0.2\bin\api-ms-win-core-processthreads-l1-1-1.dll
0x000001c1574e0000 - 0x000001c1574e3000 	C:\Program Files\javafx-sdk-11.0.2\bin\api-ms-win-core-profile-l1-1-0.dll
0x000001c1574f0000 - 0x000001c1574f3000 	C:\Program Files\javafx-sdk-11.0.2\bin\api-ms-win-core-rtlsupport-l1-1-0.dll
0x000001c157500000 - 0x000001c157503000 	C:\Program Files\javafx-sdk-11.0.2\bin\api-ms-win-core-string-l1-1-0.dll
0x000001c157510000 - 0x000001c157513000 	C:\Program Files\javafx-sdk-11.0.2\bin\api-ms-win-core-synch-l1-1-0.dll
0x000001c157520000 - 0x000001c157523000 	C:\Program Files\javafx-sdk-11.0.2\bin\api-ms-win-core-synch-l1-2-0.dll
0x000001c157530000 - 0x000001c157533000 	C:\Program Files\javafx-sdk-11.0.2\bin\api-ms-win-core-sysinfo-l1-1-0.dll
0x000001c157540000 - 0x000001c157543000 	C:\Program Files\javafx-sdk-11.0.2\bin\api-ms-win-core-timezone-l1-1-0.dll
0x000001c157550000 - 0x000001c157553000 	C:\Program Files\javafx-sdk-11.0.2\bin\api-ms-win-core-util-l1-1-0.dll
0x000001c157560000 - 0x000001c157563000 	C:\Program Files\javafx-sdk-11.0.2\bin\api-ms-win-crt-conio-l1-1-0.dll
0x000001c157570000 - 0x000001c157574000 	C:\Program Files\javafx-sdk-11.0.2\bin\api-ms-win-crt-convert-l1-1-0.dll
0x000001c157580000 - 0x000001c157583000 	C:\Program Files\javafx-sdk-11.0.2\bin\api-ms-win-crt-environment-l1-1-0.dll
0x000001c157930000 - 0x000001c157933000 	C:\Program Files\javafx-sdk-11.0.2\bin\api-ms-win-crt-filesystem-l1-1-0.dll
0x000001c157940000 - 0x000001c157943000 	C:\Program Files\javafx-sdk-11.0.2\bin\api-ms-win-crt-heap-l1-1-0.dll
0x000001c157950000 - 0x000001c157953000 	C:\Program Files\javafx-sdk-11.0.2\bin\api-ms-win-crt-locale-l1-1-0.dll
0x000001c157960000 - 0x000001c157965000 	C:\Program Files\javafx-sdk-11.0.2\bin\api-ms-win-crt-math-l1-1-0.dll
0x000001c157970000 - 0x000001c157975000 	C:\Program Files\javafx-sdk-11.0.2\bin\api-ms-win-crt-multibyte-l1-1-0.dll
0x000001c157980000 - 0x000001c157990000 	C:\Program Files\javafx-sdk-11.0.2\bin\api-ms-win-crt-private-l1-1-0.dll
0x000001c157990000 - 0x000001c157993000 	C:\Program Files\javafx-sdk-11.0.2\bin\api-ms-win-crt-process-l1-1-0.dll
0x000001c1579a0000 - 0x000001c1579a4000 	C:\Program Files\javafx-sdk-11.0.2\bin\api-ms-win-crt-runtime-l1-1-0.dll
0x000001c1579b0000 - 0x000001c1579b4000 	C:\Program Files\javafx-sdk-11.0.2\bin\api-ms-win-crt-stdio-l1-1-0.dll
0x000001c1579c0000 - 0x000001c1579c4000 	C:\Program Files\javafx-sdk-11.0.2\bin\api-ms-win-crt-string-l1-1-0.dll
0x000001c1579d0000 - 0x000001c1579d3000 	C:\Program Files\javafx-sdk-11.0.2\bin\api-ms-win-crt-time-l1-1-0.dll
0x000001c1579e0000 - 0x000001c1579e3000 	C:\Program Files\javafx-sdk-11.0.2\bin\api-ms-win-crt-utility-l1-1-0.dll
0x00007ffd2f2c0000 - 0x00007ffd2f3ba000 	C:\Program Files\javafx-sdk-11.0.2\bin\ucrtbase.dll
0x00007ffd3e5d0000 - 0x00007ffd3e5e6000 	C:\Program Files\javafx-sdk-11.0.2\bin\vcruntime140.dll
0x00007ffd2f210000 - 0x00007ffd2f2b6000 	C:\Program Files\javafx-sdk-11.0.2\bin\msvcp140.dll
0x00007ffd2ef60000 - 0x00007ffd2efb1000 	C:\Program Files\javafx-sdk-11.0.2\bin\concrt140.dll
0x00007ffd335a0000 - 0x00007ffd335c3000 	C:\Program Files\javafx-sdk-11.0.2\bin\prism_d3d.dll
0x00007ffd2da10000 - 0x00007ffd2dba7000 	C:\WINDOWS\system32\d3d9.dll
0x00007ffd599c0000 - 0x00007ffd599e9000 	C:\WINDOWS\SYSTEM32\dwmapi.dll
0x00007ffd59840000 - 0x00007ffd598d8000 	C:\WINDOWS\system32\uxtheme.dll
0x00007ffcfb5a0000 - 0x00007ffcfedf9000 	C:\WINDOWS\System32\DriverStore\FileRepository\ki124014.inf_amd64_2a9c1703ea940708\igdumdim64.dll
0x00007ffd5cf60000 - 0x00007ffd5d022000 	C:\WINDOWS\System32\OLEAUT32.dll
0x00007ffd5e900000 - 0x00007ffd5ea51000 	C:\WINDOWS\System32\ole32.dll
0x00007ffd5ee70000 - 0x00007ffd5f2bb000 	C:\WINDOWS\System32\SETUPAPI.dll
0x00007ffd303a0000 - 0x00007ffd303e5000 	C:\Program Files\javafx-sdk-11.0.2\bin\glass.dll
0x00007ffd5e500000 - 0x00007ffd5e5ed000 	C:\WINDOWS\System32\COMDLG32.dll
0x00007ffd5c780000 - 0x00007ffd5c8f5000 	C:\WINDOWS\System32\MSCTF.dll
0x00007ffd507d0000 - 0x00007ffd51dd2000 	C:\WINDOWS\System32\DriverStore\FileRepository\ki124014.inf_amd64_2a9c1703ea940708\igc64.dll
0x00007ffd33430000 - 0x00007ffd3345c000 	C:\Program Files\javafx-sdk-11.0.2\bin\javafx_iio.dll
0x00007ffd3e4c0000 - 0x00007ffd3e4d4000 	C:\Program Files\javafx-sdk-11.0.2\bin\javafx_font.dll
0x00007ffd432b0000 - 0x00007ffd435cc000 	C:\WINDOWS\SYSTEM32\dwrite.dll
0x00007ffd5cc90000 - 0x00007ffd5cd30000 	C:\WINDOWS\System32\clbcatq.dll
0x00007ffd56a00000 - 0x00007ffd56bae000 	C:\WINDOWS\SYSTEM32\WindowsCodecs.dll
0x00007ffd45870000 - 0x00007ffd458c8000 	C:\WINDOWS\system32\dataexchange.dll
0x00007ffd58ea0000 - 0x00007ffd5903c000 	C:\WINDOWS\system32\dcomp.dll
0x00007ffd585b0000 - 0x00007ffd588bb000 	C:\WINDOWS\system32\d3d11.dll
0x00007ffd5a3c0000 - 0x00007ffd5a47b000 	C:\WINDOWS\system32\dxgi.dll
0x00007ffd59b00000 - 0x00007ffd59cb8000 	C:\WINDOWS\system32\twinapi.appcore.dll
0x00007ffd59aa0000 - 0x00007ffd59ac1000 	C:\WINDOWS\system32\RMCLIENT.dll
0x00007ffd3b280000 - 0x00007ffd3b2b4000 	C:\Program Files\Common Files\Microsoft Shared\Ink\rtscom.dll
0x00007ffd4a1f0000 - 0x00007ffd4a288000 	C:\WINDOWS\System32\TextInputFramework.dll
0x00007ffd56080000 - 0x00007ffd5639e000 	C:\WINDOWS\System32\CoreUIComponents.dll
0x00007ffd593c0000 - 0x00007ffd5949a000 	C:\WINDOWS\System32\CoreMessaging.dll
0x00007ffd5a6f0000 - 0x00007ffd5a721000 	C:\WINDOWS\SYSTEM32\ntmarta.dll
0x00007ffd570d0000 - 0x00007ffd5721d000 	C:\WINDOWS\SYSTEM32\wintypes.dll
0x00007ffd448e0000 - 0x00007ffd44a2c000 	C:\WINDOWS\system32\IME\IMETC\IMTCTIP.DLL
0x00007ffd57cf0000 - 0x00007ffd57ea4000 	C:\WINDOWS\SYSTEM32\PROPSYS.dll
0x00007ffd49bd0000 - 0x00007ffd49d7b000 	C:\WINDOWS\SYSTEM32\DUI70.dll
0x00007ffd59630000 - 0x00007ffd596bb000 	C:\WINDOWS\SYSTEM32\apphelp.dll
0x00007ffd43d60000 - 0x00007ffd43eb6000 	C:\Windows\System32\IME\shared\imetip.dll
0x00007ffd56bb0000 - 0x00007ffd56c1b000 	C:\WINDOWS\SYSTEM32\OLEACC.dll

dbghelp: loaded successfully - version: 4.0.5 - missing functions: none
symbol engine: initialized successfully - sym options: 0x614 - pdb path: .;C:\Program Files\Java\jdk-11.0.2\bin;C:\WINDOWS\SYSTEM32;C:\WINDOWS\WinSxS\amd64_microsoft.windows.common-controls_6595b64144ccf1df_6.0.17134.112_none_fb3f961b30681c12;C:\Program Files\Java\jdk-11.0.2\bin\server;C:\Program Files\javafx-sdk-11.0.2\bin;C:\WINDOWS\System32\DriverStore\FileRepository\ki124014.inf_amd64_2a9c1703ea940708;C:\Program Files\Common Files\Microsoft Shared\Ink;C:\WINDOWS\system32\IME\IMETC;C:\Windows\System32\IME\shared

VM Arguments:
jvm_args: --module-path=C:\Program Files\javafx-sdk-11.0.2\lib --add-modules=javafx.controls,javafx.fxml,javafx.media -Dfile.encoding=MS932 
java_command: ce1002.Final.s107502533.Final
java_class_path (initial): C:\Program Files\javafx-sdk-11.0.2\lib\javafx.base.jar;C:\Program Files\javafx-sdk-11.0.2\lib\javafx.controls.jar;C:\Program Files\javafx-sdk-11.0.2\lib\javafx.fxml.jar;C:\Program Files\javafx-sdk-11.0.2\lib\javafx.graphics.jar;C:\Program Files\javafx-sdk-11.0.2\lib\javafx.media.jar;C:\Program Files\javafx-sdk-11.0.2\lib\javafx.swing.jar;C:\Program Files\javafx-sdk-11.0.2\lib\javafx.web.jar;C:\Program Files\javafx-sdk-11.0.2\lib\javafx-swt.jar;D:\ProgramFiles\java\ce1002.Final.s107502533\bin
Launcher Type: SUN_STANDARD

[Global flags]
     intx CICompilerCount                          = 4                                         {product} {ergonomic}
     uint ConcGCThreads                            = 2                                         {product} {ergonomic}
     uint G1ConcRefinementThreads                  = 8                                         {product} {ergonomic}
   size_t G1HeapRegionSize                         = 1048576                                   {product} {ergonomic}
    uintx GCDrainStackTargetSize                   = 64                                        {product} {ergonomic}
   size_t InitialHeapSize                          = 134217728                                 {product} {ergonomic}
   size_t MarkStackSize                            = 4194304                                   {product} {ergonomic}
   size_t MaxHeapSize                              = 2118123520                                {product} {ergonomic}
   size_t MaxNewSize                               = 1270874112                                {product} {ergonomic}
   size_t MinHeapDeltaBytes                        = 1048576                                   {product} {ergonomic}
    uintx NonNMethodCodeHeapSize                   = 5835340                                {pd product} {ergonomic}
    uintx NonProfiledCodeHeapSize                  = 122911450                              {pd product} {ergonomic}
    uintx ProfiledCodeHeapSize                     = 122911450                              {pd product} {ergonomic}
    uintx ReservedCodeCacheSize                    = 251658240                              {pd product} {ergonomic}
     bool SegmentedCodeCache                       = true                                      {product} {ergonomic}
     bool UseCompressedClassPointers               = true                                 {lp64_product} {ergonomic}
     bool UseCompressedOops                        = true                                 {lp64_product} {ergonomic}
     bool UseG1GC                                  = true                                      {product} {ergonomic}
     bool UseLargePagesIndividualAllocation        = false                                  {pd product} {ergonomic}

Logging:
Log output configuration:
 #0: stdout all=warning uptime,level,tags
 #1: stderr all=off uptime,level,tags

Environment Variables:
PATH=C:/Program Files/Java/jdk-11.0.2/bin/server;C:/Program Files/Java/jdk-11.0.2/bin;C:\Program Files (x86)\Intel\iCLS Client\;C:\Program Files\Intel\iCLS Client\;C:\windows\system32;C:\windows;C:\windows\System32\Wbem;C:\windows\System32\WindowsPowerShell\v1.0\;C:\Program Files (x86)\NVIDIA Corporation\PhysX\Common;C:\WINDOWS\system32;C:\WINDOWS;C:\WINDOWS\System32\Wbem;C:\WINDOWS\System32\WindowsPowerShell\v1.0\;C:\Program Files (x86)\Intel\Intel(R) Management Engine Components\DAL;C:\Program Files\Intel\Intel(R) Management Engine Components\DAL;C:\Program Files (x86)\Intel\Intel(R) Management Engine Components\IPT;C:\Program Files\Intel\Intel(R) Management Engine Components\IPT;C:\WINDOWS\System32\OpenSSH\;C:\Users\wed\AppData\Local\Microsoft\WindowsApps;C:\Program Files\Java\jdk-11.0.2\bin;;C:\Users\wed\Desktop;
USERNAME=wed
OS=Windows_NT
PROCESSOR_IDENTIFIER=Intel64 Family 6 Model 158 Stepping 9, GenuineIntel



---------------  S Y S T E M  ---------------

OS: Windows 10 , 64 bit Build 17134 (10.0.17134.1)

CPU:total 8 (initial active 8) (4 cores per cpu, 2 threads per core) family 6 model 158 stepping 9, cmov, cx8, fxsr, mmx, sse, sse2, sse3, ssse3, sse4.1, sse4.2, popcnt, avx, avx2, aes, clmul, erms, 3dnowpref, lzcnt, ht, tsc, tscinvbit, bmi1, bmi2, adx, fma

Memory: 4k page, system-wide physical 8077M (3080M free)
TotalPageFile size 12429M (AvailPageFile size 5104M)
current process WorkingSet (physical memory assigned to process): 425M, peak: 437M
current process commit charge ("private bytes"): 472M, peak: 485M

vm_info: Java HotSpot(TM) 64-Bit Server VM (11.0.2+9-LTS) for windows-amd64 JRE (11.0.2+9-LTS), built on Jan 18 2019 05:24:10 by "mach5one" with MS VC++ 15.5 (VS2017)

END.
