#
# A fatal error has been detected by the Java Runtime Environment:
#
#  EXCEPTION_ACCESS_VIOLATION (0xc0000005) at pc=0x00007ffd10ae3c2c, pid=24272, tid=91768
#
# JRE version: Java(TM) SE Runtime Environment (11.0.2+9) (build 11.0.2+9-LTS)
# Java VM: Java HotSpot(TM) 64-Bit Server VM (11.0.2+9-LTS, mixed mode, tiered, compressed oops, g1 gc, windows-amd64)
# Problematic frame:
# V  [jvm.dll+0x3e3c2c]
#
# No core dump will be written. Minidumps are not enabled by default on client versions of Windows
#
# If you would like to submit a bug report, please visit:
#   http://bugreport.java.com/bugreport/crash.jsp
#

---------------  S U M M A R Y ------------

Command Line: --module-path=C:\Program Files\javafx-sdk-11.0.2\lib --add-modules=javafx.controls,javafx.fxml,javafx.media -Dfile.encoding=MS932 ce1002.Final.s107502533.Final

Host: Intel(R) Core(TM) i7-7700HQ CPU @ 2.80GHz, 8 cores, 7G,  Windows 10 , 64 bit Build 17134 (10.0.17134.1)
Time: Wed Jun 19 00:14:40 2019 ?a?k?W?€???O elapsed time: 86 seconds (0d 0h 1m 26s)

---------------  T H R E A D  ---------------

Current thread (0x0000027b59a5e000):  JavaThread "JavaFX Application Thread" [_thread_in_vm, id=91768, stack(0x000000958c400000,0x000000958c500000)]

Stack: [0x000000958c400000,0x000000958c500000],  sp=0x000000958c4fbc30,  free space=1007k
Native frames: (J=compiled Java code, j=interpreted, Vv=VM code, C=native code)
V  [jvm.dll+0x3e3c2c]
V  [jvm.dll+0x3d7374]
C  [glass.dll+0x504c]

Java frames: (J=compiled Java code, j=interpreted, Vv=VM code)
j  com.sun.glass.ui.win.WinView._exitFullscreen(JZ)V+0 javafx.graphics
j  com.sun.glass.ui.View.exitFullscreen(Z)V+13 javafx.graphics
j  com.sun.javafx.tk.quantum.WindowStage.applyFullScreen()V+322 javafx.graphics
j  com.sun.javafx.tk.quantum.WindowStage.setFullScreen(Z)V+50 javafx.graphics
j  com.sun.javafx.tk.quantum.WindowStage.exitFullScreen()V+2 javafx.graphics
j  com.sun.javafx.tk.quantum.WindowStage.setScene(Lcom/sun/javafx/tk/TKScene;)V+12 javafx.graphics
j  javafx.stage.Window$SceneModel.updatePeerScene(Lcom/sun/javafx/tk/TKScene;)V+18 javafx.graphics
j  javafx.stage.Window$SceneModel.invalidated()V+35 javafx.graphics
J 2995 c1 javafx.beans.property.ObjectPropertyBase.set(Ljava/lang/Object;)V javafx.base (76 bytes) @ 0x0000027b429eb564 [0x0000027b429eae40+0x0000000000000724]
j  javafx.stage.Window.setScene(Ljavafx/scene/Scene;)V+5 javafx.graphics
j  javafx.stage.Stage.setScene(Ljavafx/scene/Scene;)V+8 javafx.graphics
j  ce1002.Final.s107502533.controller.mazecontroller.lose()V+163
J 4671 c1 ce1002.Final.s107502533.controller.mazecontroller.lambda$43(Lce1002/Final/s107502533/soldier;Ljavafx/scene/media/MediaPlayer;Ljavafx/event/ActionEvent;)V (1031 bytes) @ 0x0000027b42e51c5c [0x0000027b42e49c00+0x000000000000805c]
J 3948 c2 ce1002.Final.s107502533.controller.mazecontroller$$Lambda$369.handle(Ljavafx/event/Event;)V (20 bytes) @ 0x0000027b49be6318 [0x0000027b49be62c0+0x0000000000000058]
J 4474 c2 com.sun.scenario.animation.shared.TimelineClipCore.playTo(J)V javafx.graphics (353 bytes) @ 0x0000027b49cef394 [0x0000027b49cef240+0x0000000000000154]
J 3518 c2 javafx.animation.Timeline.doPlayTo(JJ)V javafx.graphics (9 bytes) @ 0x0000027b49b99480 [0x0000027b49b99440+0x0000000000000040]
J 4557 c2 com.sun.scenario.animation.shared.InfiniteClipEnvelope.timePulse(J)V javafx.graphics (311 bytes) @ 0x0000027b49cf9fb8 [0x0000027b49cf9e40+0x0000000000000178]
J 4057 c2 javafx.animation.Animation$1$$Lambda$261.run()Ljava/lang/Object; javafx.graphics (12 bytes) @ 0x0000027b49c0fff8 [0x0000027b49c0ffa0+0x0000000000000058]
v  ~StubRoutines::call_stub
J 2200  java.security.AccessController.doPrivileged(Ljava/security/PrivilegedAction;Ljava/security/AccessControlContext;)Ljava/lang/Object; java.base@11.0.2 (0 bytes) @ 0x0000027b49aae8a6 [0x0000027b49aae840+0x0000000000000066]
J 4215 c2 com.sun.javafx.tk.quantum.QuantumToolkit.pulse(Z)V javafx.graphics (152 bytes) @ 0x0000027b49c7282c [0x0000027b49c72580+0x00000000000002ac]
J 4218 c2 com.sun.javafx.tk.quantum.QuantumToolkit$$Lambda$92.run()V javafx.graphics (8 bytes) @ 0x0000027b49c75a08 [0x0000027b49c759c0+0x0000000000000048]
J 4124 c2 com.sun.glass.ui.InvokeLaterDispatcher$Future.run()V javafx.graphics (91 bytes) @ 0x0000027b49c38c28 [0x0000027b49c38be0+0x0000000000000048]
v  ~StubRoutines::call_stub
j  com.sun.glass.ui.win.WinApplication._runLoop(Ljava/lang/Runnable;)V+0 javafx.graphics
j  com.sun.glass.ui.win.WinApplication.lambda$runLoop$3(ILjava/lang/Runnable;)V+8 javafx.graphics
j  com.sun.glass.ui.win.WinApplication$$Lambda$88.run()V+12 javafx.graphics
j  java.lang.Thread.run()V+11 java.base@11.0.2
v  ~StubRoutines::call_stub

siginfo: EXCEPTION_ACCESS_VIOLATION (0xc0000005), reading address 0x0000000220043342


Register to memory mapping:

RIP=0x00007ffd10ae3c2c jvm.dll
RAX=0x000000022004333a is an unknown value
RBX=0x0 is NULL
RCX=0x000000958c4fbc98 is pointing into the stack for thread: 0x0000027b59a5e000
RDX=0x0 is NULL
RSP=0x000000958c4fbc30 is pointing into the stack for thread: 0x0000027b59a5e000
RBP=0x000000958c4fbd30 is pointing into the stack for thread: 0x0000027b59a5e000
RSI=0x0000027b59a5e000 is a thread
RDI=0x0000027b59e0d430 points into unknown readable memory: 02 00 00 00 5d 00 27 00
R8 =0x000000022004333a is an unknown value
R9 =0x0000000000000005 is an unknown value
R10=0x00000001000f4178 is a pointer to class: 
com.sun.glass.ui.View {0x00000001000f4180}
R11=0x0000000000000246 is an unknown value
R12=0x000000958c4fbdf0 is pointing into the stack for thread: 0x0000027b59a5e000
R13=0x000000958c4fbe20 is pointing into the stack for thread: 0x0000027b59a5e000
R14=0x0000027b5a5eeb90 points into unknown readable memory: 70 a4 f8 10 fd 7f 00 00
R15=0x0000027b590d6b80 points into unknown readable memory: 00 00 00 00 00 00 00 00


Registers:
RAX=0x000000022004333a, RBX=0x0000000000000000, RCX=0x000000958c4fbc98, RDX=0x0000000000000000
RSP=0x000000958c4fbc30, RBP=0x000000958c4fbd30, RSI=0x0000027b59a5e000, RDI=0x0000027b59e0d430
R8 =0x000000022004333a, R9 =0x0000000000000005, R10=0x00000001000f4178, R11=0x0000000000000246
R12=0x000000958c4fbdf0, R13=0x000000958c4fbe20, R14=0x0000027b5a5eeb90, R15=0x0000027b590d6b80
RIP=0x00007ffd10ae3c2c, EFLAGS=0x0000000000010246

Top of Stack: (sp=0x000000958c4fbc30)
0x000000958c4fbc30:   00007ffd10f8a470 0000027b59e0cff0
0x000000958c4fbc40:   000000958c4fbd30 0000000000000000
0x000000958c4fbc50:   00007ffd5f389ce0 0000000080000000
0x000000958c4fbc60:   000000022004333a 0000027b59a5e000
0x000000958c4fbc70:   000000958c4fbe20 0000027b59a5e340
0x000000958c4fbc80:   00000000000003d8 0000027b590d6b90
0x000000958c4fbc90:   0000027b590d6f68 0000000000000000
0x000000958c4fbca0:   0000000000000000 0000000000000000
0x000000958c4fbcb0:   0000000040000000 0000000080000000
0x000000958c4fbcc0:   00000000c0000388 00007ffd5ecd699c
0x000000958c4fbcd0:   0000000000000000 00007ffd5f389ce0
0x000000958c4fbce0:   00000000001e07b8 0000027b5a5eeb90
0x000000958c4fbcf0:   0000000000000006 0000000000000000
0x000000958c4fbd00:   0000000000000000 00007ffd00000001
0x000000958c4fbd10:   0000000000000000 0000000000000000
0x000000958c4fbd20:   0000000000000000 00007ffd5ece026a 

Instructions: (pc=0x00007ffd10ae3c2c)
0x00007ffd10ae3c0c:   4c 24 68 88 5d 20 c6 00 02 48 63 55 18 48 8b 45
0x00007ffd10ae3c1c:   08 4c 89 34 d0 8d 42 01 89 45 18 48 8b 44 24 30
0x00007ffd10ae3c2c:   48 8b 50 08 0f b7 42 2c 48 8b 52 08 48 8b 54 c2
0x00007ffd10ae3c3c:   40 e8 de 4d 2d 00 48 8d 05 a7 84 4a 00 0f 57 c0 


Stack slot to memory mapping:
stack at sp + 0 slots: 0x00007ffd10f8a470 jvm.dll
stack at sp + 1 slots: 0x0000027b59e0cff0 points into unknown readable memory: 02 00 00 00 5f 63 6f 6d
stack at sp + 2 slots: 0x000000958c4fbd30 is pointing into the stack for thread: 0x0000027b59a5e000
stack at sp + 3 slots: 0x0 is NULL
stack at sp + 4 slots: 0x00007ffd5f389ce0 ntdll.dll
stack at sp + 5 slots: 0x0000000080000000 is an unknown value
stack at sp + 6 slots: 0x000000022004333a is an unknown value
stack at sp + 7 slots: 0x0000027b59a5e000 is a thread


---------------  P R O C E S S  ---------------

Threads class SMR info:
_java_thread_list=0x0000027b594c9790, length=27, elements={
0x0000027b39bc3800, 0x0000027b587c3800, 0x0000027b587cc000, 0x0000027b590d2800,
0x0000027b590d3000, 0x0000027b587ec800, 0x0000027b587ee800, 0x0000027b590de800,
0x0000027b58758000, 0x0000027b59c47800, 0x0000027b59efa000, 0x0000027b59f74000,
0x0000027b59a5e000, 0x0000027b5aa31800, 0x0000027b5aa2c000, 0x0000027b5a15c800,
0x0000027b5a157800, 0x0000027b5a15a000, 0x0000027b5a156800, 0x0000027b6258c800,
0x0000027b6258c000, 0x0000027b5a51a000, 0x0000027b5a15d800, 0x0000027b5a518800,
0x0000027b62227000, 0x0000027b5a158800, 0x0000027b5a15b000
}

Java Threads: ( => current thread )
  0x0000027b39bc3800 JavaThread "main" [_thread_blocked, id=69036, stack(0x000000958ae00000,0x000000958af00000)]
  0x0000027b587c3800 JavaThread "Reference Handler" daemon [_thread_blocked, id=59668, stack(0x000000958b500000,0x000000958b600000)]
  0x0000027b587cc000 JavaThread "Finalizer" daemon [_thread_blocked, id=73060, stack(0x000000958b600000,0x000000958b700000)]
  0x0000027b590d2800 JavaThread "Signal Dispatcher" daemon [_thread_blocked, id=62844, stack(0x000000958b700000,0x000000958b800000)]
  0x0000027b590d3000 JavaThread "Attach Listener" daemon [_thread_blocked, id=84568, stack(0x000000958b800000,0x000000958b900000)]
  0x0000027b587ec800 JavaThread "C2 CompilerThread0" daemon [_thread_blocked, id=44508, stack(0x000000958b900000,0x000000958ba00000)]
  0x0000027b587ee800 JavaThread "C1 CompilerThread0" daemon [_thread_blocked, id=70808, stack(0x000000958ba00000,0x000000958bb00000)]
  0x0000027b590de800 JavaThread "Sweeper thread" daemon [_thread_blocked, id=73632, stack(0x000000958bb00000,0x000000958bc00000)]
  0x0000027b58758000 JavaThread "Common-Cleaner" daemon [_thread_blocked, id=85608, stack(0x000000958bc00000,0x000000958bd00000)]
  0x0000027b59c47800 JavaThread "Service Thread" daemon [_thread_blocked, id=88004, stack(0x000000958bf00000,0x000000958c000000)]
  0x0000027b59efa000 JavaThread "QuantumRenderer-0" daemon [_thread_blocked, id=78188, stack(0x000000958c100000,0x000000958c200000)]
  0x0000027b59f74000 JavaThread "InvokeLaterDispatcher" daemon [_thread_blocked, id=60700, stack(0x000000958c300000,0x000000958c400000)]
=>0x0000027b59a5e000 JavaThread "JavaFX Application Thread" [_thread_in_vm, id=91768, stack(0x000000958c400000,0x000000958c500000)]
  0x0000027b5aa31800 JavaThread "JavaFX-Launcher" [_thread_blocked, id=77544, stack(0x000000958c800000,0x000000958c900000)]
  0x0000027b5aa2c000 JavaThread "Thread-2" daemon [_thread_in_native, id=82400, stack(0x000000958c700000,0x000000958c800000)]
  0x0000027b5a15c800 JavaThread "Prism Font Disposer" daemon [_thread_blocked, id=95240, stack(0x000000958de00000,0x000000958df00000)]
  0x0000027b5a157800 JavaThread "Media Resource Disposer" daemon [_thread_blocked, id=3788, stack(0x000000958e000000,0x000000958e100000)]
  0x0000027b5a15a000 JavaThread "Cleaner-0" daemon [_thread_blocked, id=76544, stack(0x000000958e700000,0x000000958e800000)]
  0x0000027b5a156800 JavaThread "JFXMedia Player EventQueueThread" daemon [_thread_blocked, id=67164, stack(0x000000958e900000,0x000000958ea00000)]
  0x0000027b6258c800 JavaThread "JFXMedia Player EventQueueThread" daemon [_thread_blocked, id=61128, stack(0x000000958ee00000,0x000000958ef00000)]
  0x0000027b6258c000 JavaThread "JFXMedia Player EventQueueThread" daemon [_thread_blocked, id=56536, stack(0x000000958f400000,0x000000958f500000)]
  0x0000027b5a51a000 JavaThread "JFXMedia Player EventQueueThread" daemon [_thread_blocked, id=58856, stack(0x000000958f900000,0x000000958fa00000)]
  0x0000027b5a15d800 JavaThread "JFXMedia Player EventQueueThread" daemon [_thread_blocked, id=2648, stack(0x000000958fe00000,0x000000958ff00000)]
  0x0000027b5a518800 JavaThread "JFXMedia Player EventQueueThread" daemon [_thread_blocked, id=83196, stack(0x0000009590300000,0x0000009590400000)]
  0x0000027b62227000 JavaThread "JFXMedia Player EventQueueThread" daemon [_thread_blocked, id=88420, stack(0x000000958be00000,0x000000958bf00000)]
  0x0000027b5a158800 JavaThread "Timer-28" daemon [_thread_blocked, id=67260, stack(0x000000958ac00000,0x000000958ad00000)]
  0x0000027b5a15b000 JavaThread "JFXMedia Player EventQueueThread" daemon [_thread_blocked, id=64132, stack(0x000000958d600000,0x000000958d700000)]

Other Threads:
  0x0000027b5879c800 VMThread "VM Thread" [stack: 0x000000958b400000,0x000000958b500000] [id=75956]
  0x0000027b599ea000 WatcherThread [stack: 0x000000958c000000,0x000000958c100000] [id=81624]
  0x0000027b39bda000 GCTaskThread "GC Thread#0" [stack: 0x000000958af00000,0x000000958b000000] [id=62940]
  0x0000027b5abcf000 GCTaskThread "GC Thread#1" [stack: 0x000000958c900000,0x000000958ca00000] [id=35644]
  0x0000027b5abcf800 GCTaskThread "GC Thread#2" [stack: 0x000000958ca00000,0x000000958cb00000] [id=85444]
  0x0000027b5abd4800 GCTaskThread "GC Thread#3" [stack: 0x000000958cb00000,0x000000958cc00000] [id=85636]
  0x0000027b59fa3000 GCTaskThread "GC Thread#4" [stack: 0x000000958cc00000,0x000000958cd00000] [id=84884]
  0x0000027b59fa3800 GCTaskThread "GC Thread#5" [stack: 0x000000958cd00000,0x000000958ce00000] [id=83344]
  0x0000027b39c0c000 ConcurrentGCThread "G1 Main Marker" [stack: 0x000000958b000000,0x000000958b100000] [id=78060]
  0x0000027b39c0e000 ConcurrentGCThread "G1 Conc#0" [stack: 0x000000958b100000,0x000000958b200000] [id=37748]
  0x0000027b5abfa800 ConcurrentGCThread "G1 Conc#1" [stack: 0x000000958df00000,0x000000958e000000] [id=16192]
  0x0000027b58606800 ConcurrentGCThread "G1 Refine#0" [stack: 0x000000958b200000,0x000000958b300000] [id=86132]
  0x0000027b58609000 ConcurrentGCThread "G1 Young RemSet Sampling" [stack: 0x000000958b300000,0x000000958b400000] [id=85484]

Threads with active compile tasks:

VM state:not at safepoint (normal execution)

VM Mutex/Monitor currently owned by a thread: None

Heap address: 0x0000000081c00000, size: 2020 MB, Compressed Oops mode: 32-bit
Narrow klass base: 0x0000000000000000, Narrow klass shift: 3
Compressed class space size: 1073741824 Address: 0x0000000100000000

Heap:
 garbage-first heap   total 131072K, used 123485K [0x0000000081c00000, 0x0000000100000000)
  region size 1024K, 2 young (2048K), 1 survivors (1024K)
 Metaspace       used 25488K, capacity 26342K, committed 26368K, reserved 1073152K
  class space    used 2973K, capacity 3322K, committed 3328K, reserved 1048576K
Heap Regions: E=young(eden), S=young(survivor), O=old, HS=humongous(starts), HC=humongous(continues), CS=collection set, F=free, A=archive, TAMS=top-at-mark-start (previous, next)
|   0|0x0000000081c00000, 0x0000000081d00000, 0x0000000081d00000|100%| O|  |TAMS 0x0000000081d00000, 0x0000000081c00000| Untracked 
|   1|0x0000000081d00000, 0x0000000081e00000, 0x0000000081e00000|100%|HS|  |TAMS 0x0000000081e00000, 0x0000000081d00000| Complete 
|   2|0x0000000081e00000, 0x0000000081f00000, 0x0000000081f00000|100%|HS|  |TAMS 0x0000000081f00000, 0x0000000081e00000| Complete 
|   3|0x0000000081f00000, 0x0000000082000000, 0x0000000082000000|100%|HS|  |TAMS 0x0000000082000000, 0x0000000081f00000| Complete 
|   4|0x0000000082000000, 0x0000000082100000, 0x0000000082100000|100%|HS|  |TAMS 0x0000000082100000, 0x0000000082000000| Complete 
|   5|0x0000000082100000, 0x0000000082163600, 0x0000000082200000| 38%| O|  |TAMS 0x0000000082163600, 0x0000000082100000| Untracked 
|   6|0x0000000082200000, 0x0000000082300000, 0x0000000082300000|100%|HS|  |TAMS 0x0000000082300000, 0x0000000082200000| Complete 
|   7|0x0000000082300000, 0x0000000082400000, 0x0000000082400000|100%|HS|  |TAMS 0x0000000082400000, 0x0000000082300000| Complete 
|   8|0x0000000082400000, 0x0000000082500000, 0x0000000082500000|100%|HC|  |TAMS 0x0000000082500000, 0x0000000082400000| Complete 
|   9|0x0000000082500000, 0x0000000082600000, 0x0000000082600000|100%|HC|  |TAMS 0x0000000082600000, 0x0000000082500000| Complete 
|  10|0x0000000082600000, 0x0000000082700000, 0x0000000082700000|100%| O|  |TAMS 0x0000000082700000, 0x0000000082600000| Untracked 
|  11|0x0000000082700000, 0x0000000082800000, 0x0000000082800000|100%|HS|  |TAMS 0x0000000082800000, 0x0000000082700000| Complete 
|  12|0x0000000082800000, 0x0000000082900000, 0x0000000082900000|100%|HC|  |TAMS 0x0000000082900000, 0x0000000082800000| Complete 
|  13|0x0000000082900000, 0x0000000082a00000, 0x0000000082a00000|100%|HC|  |TAMS 0x0000000082a00000, 0x0000000082900000| Complete 
|  14|0x0000000082a00000, 0x0000000082b00000, 0x0000000082b00000|100%| O|  |TAMS 0x0000000082b00000, 0x0000000082a00000| Untracked 
|  15|0x0000000082b00000, 0x0000000082c00000, 0x0000000082c00000|100%|HS|  |TAMS 0x0000000082c00000, 0x0000000082b00000| Complete 
|  16|0x0000000082c00000, 0x0000000082d00000, 0x0000000082d00000|100%|HC|  |TAMS 0x0000000082d00000, 0x0000000082c00000| Complete 
|  17|0x0000000082d00000, 0x0000000082e00000, 0x0000000082e00000|100%|HC|  |TAMS 0x0000000082e00000, 0x0000000082d00000| Complete 
|  18|0x0000000082e00000, 0x0000000082f00000, 0x0000000082f00000|100%| O|  |TAMS 0x0000000082f00000, 0x0000000082e00000| Untracked 
|  19|0x0000000082f00000, 0x0000000083000000, 0x0000000083000000|100%|HS|  |TAMS 0x0000000083000000, 0x0000000082f00000| Complete 
|  20|0x0000000083000000, 0x0000000083100000, 0x0000000083100000|100%|HC|  |TAMS 0x0000000083100000, 0x0000000083000000| Complete 
|  21|0x0000000083100000, 0x0000000083200000, 0x0000000083200000|100%|HC|  |TAMS 0x0000000083200000, 0x0000000083100000| Complete 
|  22|0x0000000083200000, 0x0000000083300000, 0x0000000083300000|100%|HC|  |TAMS 0x0000000083300000, 0x0000000083200000| Complete 
|  23|0x0000000083300000, 0x0000000083400000, 0x0000000083400000|100%|HS|  |TAMS 0x0000000083400000, 0x0000000083300000| Complete 
|  24|0x0000000083400000, 0x0000000083500000, 0x0000000083500000|100%|HC|  |TAMS 0x0000000083500000, 0x0000000083400000| Complete 
|  25|0x0000000083500000, 0x0000000083600000, 0x0000000083600000|100%|HC|  |TAMS 0x0000000083600000, 0x0000000083500000| Complete 
|  26|0x0000000083600000, 0x0000000083700000, 0x0000000083700000|100%|HC|  |TAMS 0x0000000083700000, 0x0000000083600000| Complete 
|  27|0x0000000083700000, 0x0000000083800000, 0x0000000083800000|100%|HC|  |TAMS 0x0000000083800000, 0x0000000083700000| Complete 
|  28|0x0000000083800000, 0x0000000083800000, 0x0000000083900000|  0%| F|  |TAMS 0x0000000083800000, 0x0000000083800000| Untracked 
|  29|0x0000000083900000, 0x0000000083a00000, 0x0000000083a00000|100%|HS|  |TAMS 0x0000000083a00000, 0x0000000083900000| Complete 
|  30|0x0000000083a00000, 0x0000000083b00000, 0x0000000083b00000|100%|HC|  |TAMS 0x0000000083b00000, 0x0000000083a00000| Complete 
|  31|0x0000000083b00000, 0x0000000083c00000, 0x0000000083c00000|100%|HS|  |TAMS 0x0000000083c00000, 0x0000000083b00000| Complete 
|  32|0x0000000083c00000, 0x0000000083d00000, 0x0000000083d00000|100%|HC|  |TAMS 0x0000000083d00000, 0x0000000083c00000| Complete 
|  33|0x0000000083d00000, 0x0000000083e00000, 0x0000000083e00000|100%|HC|  |TAMS 0x0000000083e00000, 0x0000000083d00000| Complete 
|  34|0x0000000083e00000, 0x0000000083f00000, 0x0000000083f00000|100%|HC|  |TAMS 0x0000000083f00000, 0x0000000083e00000| Complete 
|  35|0x0000000083f00000, 0x0000000084000000, 0x0000000084000000|100%|HC|  |TAMS 0x0000000084000000, 0x0000000083f00000| Complete 
|  36|0x0000000084000000, 0x0000000084100000, 0x0000000084100000|100%|HS|  |TAMS 0x0000000084100000, 0x0000000084000000| Complete 
|  37|0x0000000084100000, 0x0000000084200000, 0x0000000084200000|100%|HC|  |TAMS 0x0000000084200000, 0x0000000084100000| Complete 
|  38|0x0000000084200000, 0x0000000084300000, 0x0000000084300000|100%| O|  |TAMS 0x0000000084300000, 0x0000000084200000| Untracked 
|  39|0x0000000084300000, 0x0000000084400000, 0x0000000084400000|100%| O|  |TAMS 0x0000000084400000, 0x0000000084300000| Untracked 
|  40|0x0000000084400000, 0x0000000084500000, 0x0000000084500000|100%|HS|  |TAMS 0x0000000084500000, 0x0000000084400000| Complete 
|  41|0x0000000084500000, 0x0000000084600000, 0x0000000084600000|100%|HC|  |TAMS 0x0000000084600000, 0x0000000084500000| Complete 
|  42|0x0000000084600000, 0x0000000084700000, 0x0000000084700000|100%|HC|  |TAMS 0x0000000084700000, 0x0000000084600000| Complete 
|  43|0x0000000084700000, 0x0000000084800000, 0x0000000084800000|100%|HC|  |TAMS 0x0000000084800000, 0x0000000084700000| Complete 
|  44|0x0000000084800000, 0x0000000084900000, 0x0000000084900000|100%|HC|  |TAMS 0x0000000084900000, 0x0000000084800000| Complete 
|  45|0x0000000084900000, 0x0000000084a00000, 0x0000000084a00000|100%|HC|  |TAMS 0x0000000084a00000, 0x0000000084900000| Complete 
|  46|0x0000000084a00000, 0x0000000084b00000, 0x0000000084b00000|100%| O|  |TAMS 0x0000000084b00000, 0x0000000084a00000| Untracked 
|  47|0x0000000084b00000, 0x0000000084c00000, 0x0000000084c00000|100%| O|  |TAMS 0x0000000084c00000, 0x0000000084b00000| Untracked 
|  48|0x0000000084c00000, 0x0000000084d00000, 0x0000000084d00000|100%|HS|  |TAMS 0x0000000084d00000, 0x0000000084c00000| Complete 
|  49|0x0000000084d00000, 0x0000000084e00000, 0x0000000084e00000|100%|HC|  |TAMS 0x0000000084e00000, 0x0000000084d00000| Complete 
|  50|0x0000000084e00000, 0x0000000084f00000, 0x0000000084f00000|100%|HC|  |TAMS 0x0000000084f00000, 0x0000000084e00000| Complete 
|  51|0x0000000084f00000, 0x0000000085000000, 0x0000000085000000|100%|HC|  |TAMS 0x0000000085000000, 0x0000000084f00000| Complete 
|  52|0x0000000085000000, 0x0000000085100000, 0x0000000085100000|100%|HC|  |TAMS 0x0000000085100000, 0x0000000085000000| Complete 
|  53|0x0000000085100000, 0x0000000085200000, 0x0000000085200000|100%|HC|  |TAMS 0x0000000085200000, 0x0000000085100000| Complete 
|  54|0x0000000085200000, 0x0000000085300000, 0x0000000085300000|100%| O|  |TAMS 0x0000000085300000, 0x0000000085200000| Untracked 
|  55|0x0000000085300000, 0x0000000085400000, 0x0000000085400000|100%| O|  |TAMS 0x0000000085400000, 0x0000000085300000| Untracked 
|  56|0x0000000085400000, 0x0000000085500000, 0x0000000085500000|100%|HS|  |TAMS 0x0000000085500000, 0x0000000085400000| Complete 
|  57|0x0000000085500000, 0x0000000085600000, 0x0000000085600000|100%|HC|  |TAMS 0x0000000085600000, 0x0000000085500000| Complete 
|  58|0x0000000085600000, 0x0000000085700000, 0x0000000085700000|100%|HC|  |TAMS 0x0000000085700000, 0x0000000085600000| Complete 
|  59|0x0000000085700000, 0x0000000085800000, 0x0000000085800000|100%|HC|  |TAMS 0x0000000085800000, 0x0000000085700000| Complete 
|  60|0x0000000085800000, 0x0000000085900000, 0x0000000085900000|100%|HC|  |TAMS 0x0000000085900000, 0x0000000085800000| Complete 
|  61|0x0000000085900000, 0x0000000085a00000, 0x0000000085a00000|100%|HC|  |TAMS 0x0000000085a00000, 0x0000000085900000| Complete 
|  62|0x0000000085a00000, 0x0000000085b00000, 0x0000000085b00000|100%|HS|  |TAMS 0x0000000085b00000, 0x0000000085a00000| Complete 
|  63|0x0000000085b00000, 0x0000000085c00000, 0x0000000085c00000|100%|HC|  |TAMS 0x0000000085c00000, 0x0000000085b00000| Complete 
|  64|0x0000000085c00000, 0x0000000085d00000, 0x0000000085d00000|100%|HC|  |TAMS 0x0000000085d00000, 0x0000000085c00000| Complete 
|  65|0x0000000085d00000, 0x0000000085e00000, 0x0000000085e00000|100%|HC|  |TAMS 0x0000000085e00000, 0x0000000085d00000| Complete 
|  66|0x0000000085e00000, 0x0000000085f00000, 0x0000000085f00000|100%|HC|  |TAMS 0x0000000085f00000, 0x0000000085e00000| Complete 
|  67|0x0000000085f00000, 0x0000000086000000, 0x0000000086000000|100%|HC|  |TAMS 0x0000000086000000, 0x0000000085f00000| Complete 
|  68|0x0000000086000000, 0x0000000086100000, 0x0000000086100000|100%|HS|  |TAMS 0x0000000086100000, 0x0000000086000000| Complete 
|  69|0x0000000086100000, 0x0000000086200000, 0x0000000086200000|100%|HC|  |TAMS 0x0000000086200000, 0x0000000086100000| Complete 
|  70|0x0000000086200000, 0x0000000086300000, 0x0000000086300000|100%|HC|  |TAMS 0x0000000086300000, 0x0000000086200000| Complete 
|  71|0x0000000086300000, 0x0000000086400000, 0x0000000086400000|100%|HC|  |TAMS 0x0000000086400000, 0x0000000086300000| Complete 
|  72|0x0000000086400000, 0x0000000086500000, 0x0000000086500000|100%|HC|  |TAMS 0x0000000086500000, 0x0000000086400000| Complete 
|  73|0x0000000086500000, 0x0000000086600000, 0x0000000086600000|100%|HC|  |TAMS 0x0000000086600000, 0x0000000086500000| Complete 
|  74|0x0000000086600000, 0x0000000086700000, 0x0000000086700000|100%|HS|  |TAMS 0x0000000086700000, 0x0000000086600000| Complete 
|  75|0x0000000086700000, 0x0000000086800000, 0x0000000086800000|100%|HC|  |TAMS 0x0000000086800000, 0x0000000086700000| Complete 
|  76|0x0000000086800000, 0x0000000086900000, 0x0000000086900000|100%|HC|  |TAMS 0x0000000086900000, 0x0000000086800000| Complete 
|  77|0x0000000086900000, 0x0000000086a00000, 0x0000000086a00000|100%|HC|  |TAMS 0x0000000086a00000, 0x0000000086900000| Complete 
|  78|0x0000000086a00000, 0x0000000086b00000, 0x0000000086b00000|100%|HC|  |TAMS 0x0000000086b00000, 0x0000000086a00000| Complete 
|  79|0x0000000086b00000, 0x0000000086c00000, 0x0000000086c00000|100%|HC|  |TAMS 0x0000000086c00000, 0x0000000086b00000| Complete 
|  80|0x0000000086c00000, 0x0000000086d00000, 0x0000000086d00000|100%| O|  |TAMS 0x0000000086d00000, 0x0000000086c00000| Untracked 
|  81|0x0000000086d00000, 0x0000000086e00000, 0x0000000086e00000|100%| O|  |TAMS 0x0000000086e00000, 0x0000000086d00000| Untracked 
|  82|0x0000000086e00000, 0x0000000086f00000, 0x0000000086f00000|100%| O|  |TAMS 0x0000000086f00000, 0x0000000086e00000| Untracked 
|  83|0x0000000086f00000, 0x0000000087000000, 0x0000000087000000|100%| O|  |TAMS 0x0000000087000000, 0x0000000086f00000| Untracked 
|  84|0x0000000087000000, 0x0000000087100000, 0x0000000087100000|100%| O|  |TAMS 0x0000000087100000, 0x0000000087000000| Untracked 
|  85|0x0000000087100000, 0x0000000087200000, 0x0000000087200000|100%| O|  |TAMS 0x0000000087200000, 0x0000000087100000| Untracked 
|  86|0x0000000087200000, 0x0000000087300000, 0x0000000087300000|100%|HS|  |TAMS 0x0000000087300000, 0x0000000087200000| Complete 
|  87|0x0000000087300000, 0x0000000087400000, 0x0000000087400000|100%|HS|  |TAMS 0x0000000087400000, 0x0000000087300000| Complete 
|  88|0x0000000087400000, 0x0000000087500000, 0x0000000087500000|100%|HS|  |TAMS 0x0000000087500000, 0x0000000087400000| Complete 
|  89|0x0000000087500000, 0x0000000087600000, 0x0000000087600000|100%|HC|  |TAMS 0x0000000087600000, 0x0000000087500000| Complete 
|  90|0x0000000087600000, 0x0000000087700000, 0x0000000087700000|100%|HS|  |TAMS 0x0000000087700000, 0x0000000087600000| Complete 
|  91|0x0000000087700000, 0x0000000087800000, 0x0000000087800000|100%|HC|  |TAMS 0x0000000087800000, 0x0000000087700000| Complete 
|  92|0x0000000087800000, 0x0000000087900000, 0x0000000087900000|100%|HC|  |TAMS 0x0000000087900000, 0x0000000087800000| Complete 
|  93|0x0000000087900000, 0x0000000087a00000, 0x0000000087a00000|100%|HC|  |TAMS 0x0000000087a00000, 0x0000000087900000| Complete 
|  94|0x0000000087a00000, 0x0000000087b00000, 0x0000000087b00000|100%|HC|  |TAMS 0x0000000087b00000, 0x0000000087a00000| Complete 
|  95|0x0000000087b00000, 0x0000000087c00000, 0x0000000087c00000|100%|HS|  |TAMS 0x0000000087c00000, 0x0000000087b00000| Complete 
|  96|0x0000000087c00000, 0x0000000087d00000, 0x0000000087d00000|100%|HC|  |TAMS 0x0000000087d00000, 0x0000000087c00000| Complete 
|  97|0x0000000087d00000, 0x0000000087e00000, 0x0000000087e00000|100%|HC|  |TAMS 0x0000000087e00000, 0x0000000087d00000| Complete 
|  98|0x0000000087e00000, 0x0000000087e00000, 0x0000000087f00000|  0%| F|  |TAMS 0x0000000087e00000, 0x0000000087e00000| Untracked 
|  99|0x0000000087f00000, 0x0000000088000000, 0x0000000088000000|100%|HS|  |TAMS 0x0000000088000000, 0x0000000087f00000| Complete 
| 100|0x0000000088000000, 0x0000000088100000, 0x0000000088100000|100%|HC|  |TAMS 0x0000000088100000, 0x0000000088000000| Complete 
| 101|0x0000000088100000, 0x0000000088200000, 0x0000000088200000|100%|HC|  |TAMS 0x0000000088200000, 0x0000000088100000| Complete 
| 102|0x0000000088200000, 0x0000000088300000, 0x0000000088300000|100%|HS|  |TAMS 0x0000000088200000, 0x0000000088200000| Complete 
| 103|0x0000000088300000, 0x0000000088400000, 0x0000000088400000|100%|HC|  |TAMS 0x0000000088300000, 0x0000000088300000| Complete 
| 104|0x0000000088400000, 0x0000000088500000, 0x0000000088500000|100%|HC|  |TAMS 0x0000000088400000, 0x0000000088400000| Complete 
| 105|0x0000000088500000, 0x0000000088600000, 0x0000000088600000|100%|HS|  |TAMS 0x0000000088500000, 0x0000000088500000| Complete 
| 106|0x0000000088600000, 0x0000000088700000, 0x0000000088700000|100%|HC|  |TAMS 0x0000000088600000, 0x0000000088600000| Complete 
| 107|0x0000000088700000, 0x0000000088800000, 0x0000000088800000|100%|HS|  |TAMS 0x0000000088800000, 0x0000000088700000| Complete 
| 108|0x0000000088800000, 0x0000000088900000, 0x0000000088900000|100%|HC|  |TAMS 0x0000000088900000, 0x0000000088800000| Complete 
| 109|0x0000000088900000, 0x0000000088a00000, 0x0000000088a00000|100%|HC|  |TAMS 0x0000000088a00000, 0x0000000088900000| Complete 
| 110|0x0000000088a00000, 0x0000000088b00000, 0x0000000088b00000|100%|HC|  |TAMS 0x0000000088b00000, 0x0000000088a00000| Complete 
| 111|0x0000000088b00000, 0x0000000088c00000, 0x0000000088c00000|100%|HC|  |TAMS 0x0000000088c00000, 0x0000000088b00000| Complete 
| 112|0x0000000088c00000, 0x0000000088d00000, 0x0000000088d00000|100%|HS|  |TAMS 0x0000000088d00000, 0x0000000088c00000| Complete 
| 113|0x0000000088d00000, 0x0000000088e00000, 0x0000000088e00000|100%|HC|  |TAMS 0x0000000088e00000, 0x0000000088d00000| Complete 
| 114|0x0000000088e00000, 0x0000000088f00000, 0x0000000088f00000|100%|HC|  |TAMS 0x0000000088f00000, 0x0000000088e00000| Complete 
| 115|0x0000000088f00000, 0x0000000089000000, 0x0000000089000000|100%|HS|  |TAMS 0x0000000089000000, 0x0000000088f00000| Complete 
| 116|0x0000000089000000, 0x0000000089100000, 0x0000000089100000|100%|HC|  |TAMS 0x0000000089100000, 0x0000000089000000| Complete 
| 117|0x0000000089100000, 0x0000000089200000, 0x0000000089200000|100%|HC|  |TAMS 0x0000000089200000, 0x0000000089100000| Complete 
| 118|0x0000000089200000, 0x0000000089300000, 0x0000000089300000|100%|HS|  |TAMS 0x0000000089300000, 0x0000000089200000| Complete 
| 119|0x0000000089300000, 0x0000000089400000, 0x0000000089400000|100%|HC|  |TAMS 0x0000000089400000, 0x0000000089300000| Complete 
| 120|0x0000000089400000, 0x0000000089500000, 0x0000000089500000|100%|HC|  |TAMS 0x0000000089500000, 0x0000000089400000| Complete 
| 121|0x0000000089500000, 0x0000000089600000, 0x0000000089600000|100%|HS|  |TAMS 0x0000000089600000, 0x0000000089500000| Complete 
| 122|0x0000000089600000, 0x0000000089700000, 0x0000000089700000|100%|HC|  |TAMS 0x0000000089700000, 0x0000000089600000| Complete 
| 123|0x0000000089700000, 0x0000000089700000, 0x0000000089800000|  0%| F|  |TAMS 0x0000000089700000, 0x0000000089700000| Untracked 
| 124|0x0000000089800000, 0x0000000089800000, 0x0000000089900000|  0%| F|  |TAMS 0x0000000089800000, 0x0000000089800000| Untracked 
| 125|0x0000000089900000, 0x0000000089900000, 0x0000000089a00000|  0%| F|  |TAMS 0x0000000089900000, 0x0000000089900000| Untracked 
| 126|0x0000000089a00000, 0x0000000089a341c0, 0x0000000089b00000| 20%| S|CS|TAMS 0x0000000089a00000, 0x0000000089a00000| Complete 
| 127|0x0000000089b00000, 0x0000000089b58a78, 0x0000000089c00000| 34%| E|  |TAMS 0x0000000089b00000, 0x0000000089b00000| Complete 

Card table byte_map: [0x0000027b51620000,0x0000027b51a20000] _byte_map_base: 0x0000027b51212000

Marking Bits (Prev, Next): (CMBitMap*) 0x0000027b39c023b8, (CMBitMap*) 0x0000027b39c023f0
 Prev Bits: [0x0000027b51e20000, 0x0000027b53db0000)
 Next Bits: [0x0000027b53db0000, 0x0000027b55d40000)

Polling page: 0x0000027b37a20000

Metaspace:

Usage:
  Non-class:     22.48 MB capacity,    21.99 MB ( 98%) used,   410.13 KB (  2%) free+waste,    94.38 KB ( <1%) overhead. 
      Class:      3.24 MB capacity,     2.90 MB ( 89%) used,   301.58 KB (  9%) free+waste,    47.38 KB (  1%) overhead. 
       Both:     25.72 MB capacity,    24.89 MB ( 97%) used,   711.71 KB (  3%) free+waste,   141.75 KB ( <1%) overhead. 

Virtual space:
  Non-class space:       24.00 MB reserved,      22.50 MB ( 94%) committed 
      Class space:        1.00 GB reserved,       3.25 MB ( <1%) committed 
             Both:        1.02 GB reserved,      25.75 MB (  2%) committed 

Chunk freelists:
   Non-Class:  2.50 KB
       Class:  768 bytes
        Both:  3.25 KB

CodeHeap 'non-profiled nmethods': size=120000Kb used=3439Kb max_used=3439Kb free=116560Kb
 bounds [0x0000027b499c0000, 0x0000027b49d20000, 0x0000027b50ef0000]
CodeHeap 'profiled nmethods': size=120000Kb used=10140Kb max_used=10140Kb free=109859Kb
 bounds [0x0000027b42490000, 0x0000027b42e80000, 0x0000027b499c0000]
CodeHeap 'non-nmethods': size=5760Kb used=1354Kb max_used=1398Kb free=4405Kb
 bounds [0x0000027b41ef0000, 0x0000027b42160000, 0x0000027b42490000]
 total_blobs=7050 nmethods=4725 adapters=698
 compilation: enabled
              stopped_count=0, restarted_count=0
 full_count=0

Compilation events (10 events):
Event: 86.229 Thread 0x0000027b587ee800 4722       3       com.sun.scenario.effect.ImageData::getTransformedBounds (46 bytes)
Event: 86.231 Thread 0x0000027b587ee800 nmethod 4722 0x0000027b42e74b90 code [0x0000027b42e74da0, 0x0000027b42e75310]
Event: 86.231 Thread 0x0000027b587ee800 4723       3       com.sun.scenario.effect.impl.EffectPeer::setInputBounds (8 bytes)
Event: 86.231 Thread 0x0000027b587ee800 nmethod 4723 0x0000027b42e75510 code [0x0000027b42e756e0, 0x0000027b42e759d8]
Event: 86.235 Thread 0x0000027b587ee800 4724       3       com.sun.scenario.effect.impl.prism.ps.PPSRenderer::getCompatibleImage (7 bytes)
Event: 86.236 Thread 0x0000027b587ee800 nmethod 4724 0x0000027b42e75b10 code [0x0000027b42e75d00, 0x0000027b42e76370]
Event: 86.243 Thread 0x0000027b587ee800 4725       3       com.sun.javafx.geom.transform.Translate2D::<init> (15 bytes)
Event: 86.244 Thread 0x0000027b587ee800 nmethod 4725 0x0000027b42e76510 code [0x0000027b42e766c0, 0x0000027b42e768d8]
Event: 86.244 Thread 0x0000027b587ee800 4726       3       javafx.scene.text.Text::getX (19 bytes)
Event: 86.244 Thread 0x0000027b587ee800 nmethod 4726 0x0000027b42e76a10 code [0x0000027b42e76c00, 0x0000027b42e76fd0]

GC Heap History (10 events):
Event: 86.008 GC heap before
{Heap before GC invocations=96 (full 0):
 garbage-first heap   total 131072K, used 113191K [0x0000000081c00000, 0x0000000100000000)
  region size 1024K, 3 young (3072K), 1 survivors (1024K)
 Metaspace       used 25475K, capacity 26278K, committed 26368K, reserved 1073152K
  class space    used 2973K, capacity 3322K, committed 3328K, reserved 1048576K
}
Event: 86.009 GC heap after
{Heap after GC invocations=97 (full 0):
 garbage-first heap   total 131072K, used 112186K [0x0000000081c00000, 0x0000000100000000)
  region size 1024K, 1 young (1024K), 1 survivors (1024K)
 Metaspace       used 25475K, capacity 26278K, committed 26368K, reserved 1073152K
  class space    used 2973K, capacity 3322K, committed 3328K, reserved 1048576K
}
Event: 86.037 GC heap before
{Heap before GC invocations=98 (full 0):
 garbage-first heap   total 131072K, used 120378K [0x0000000081c00000, 0x0000000100000000)
  region size 1024K, 2 young (2048K), 1 survivors (1024K)
 Metaspace       used 25475K, capacity 26278K, committed 26368K, reserved 1073152K
  class space    used 2973K, capacity 3322K, committed 3328K, reserved 1048576K
}
Event: 86.039 GC heap after
{Heap after GC invocations=99 (full 0):
 garbage-first heap   total 131072K, used 118336K [0x0000000081c00000, 0x0000000100000000)
  region size 1024K, 1 young (1024K), 1 survivors (1024K)
 Metaspace       used 25475K, capacity 26278K, committed 26368K, reserved 1073152K
  class space    used 2973K, capacity 3322K, committed 3328K, reserved 1048576K
}
Event: 86.133 GC heap before
{Heap before GC invocations=100 (full 0):
 garbage-first heap   total 131072K, used 126528K [0x0000000081c00000, 0x0000000100000000)
  region size 1024K, 5 young (5120K), 1 survivors (1024K)
 Metaspace       used 25479K, capacity 26278K, committed 26368K, reserved 1073152K
  class space    used 2973K, capacity 3322K, committed 3328K, reserved 1048576K
}
Event: 86.134 GC heap after
{Heap after GC invocations=101 (full 0):
 garbage-first heap   total 131072K, used 107080K [0x0000000081c00000, 0x0000000100000000)
  region size 1024K, 1 young (1024K), 1 survivors (1024K)
 Metaspace       used 25479K, capacity 26278K, committed 26368K, reserved 1073152K
  class space    used 2973K, capacity 3322K, committed 3328K, reserved 1048576K
}
Event: 86.159 GC heap before
{Heap before GC invocations=102 (full 0):
 garbage-first heap   total 131072K, used 114248K [0x0000000081c00000, 0x0000000100000000)
  region size 1024K, 4 young (4096K), 1 survivors (1024K)
 Metaspace       used 25479K, capacity 26278K, committed 26368K, reserved 1073152K
  class space    used 2973K, capacity 3322K, committed 3328K, reserved 1048576K
}
Event: 86.160 GC heap after
{Heap after GC invocations=103 (full 0):
 garbage-first heap   total 131072K, used 112204K [0x0000000081c00000, 0x0000000100000000)
  region size 1024K, 1 young (1024K), 1 survivors (1024K)
 Metaspace       used 25479K, capacity 26278K, committed 26368K, reserved 1073152K
  class space    used 2973K, capacity 3322K, committed 3328K, reserved 1048576K
}
Event: 86.186 GC heap before
{Heap before GC invocations=104 (full 0):
 garbage-first heap   total 131072K, used 120396K [0x0000000081c00000, 0x0000000100000000)
  region size 1024K, 2 young (2048K), 1 survivors (1024K)
 Metaspace       used 25484K, capacity 26278K, committed 26368K, reserved 1073152K
  class space    used 2973K, capacity 3322K, committed 3328K, reserved 1048576K
}
Event: 86.187 GC heap after
{Heap after GC invocations=105 (full 0):
 garbage-first heap   total 131072K, used 118365K [0x0000000081c00000, 0x0000000100000000)
  region size 1024K, 1 young (1024K), 1 survivors (1024K)
 Metaspace       used 25484K, capacity 26278K, committed 26368K, reserved 1073152K
  class space    used 2973K, capacity 3322K, committed 3328K, reserved 1048576K
}

Deoptimization events (10 events):
Event: 84.731 Thread 0x0000027b59a5e000 Uncommon trap: reason=profile_predicate action=maybe_recompile pc=0x0000027b49d06250 method=com.sun.javafx.geom.Path2D.append(Lcom/sun/javafx/geom/PathIterator;Z)V @ 11 c2
Event: 84.731 Thread 0x0000027b59a5e000 Uncommon trap: reason=profile_predicate action=maybe_recompile pc=0x0000027b49d06250 method=com.sun.javafx.geom.Path2D.append(Lcom/sun/javafx/geom/PathIterator;Z)V @ 11 c2
Event: 84.731 Thread 0x0000027b59a5e000 Uncommon trap: reason=profile_predicate action=maybe_recompile pc=0x0000027b49d06250 method=com.sun.javafx.geom.Path2D.append(Lcom/sun/javafx/geom/PathIterator;Z)V @ 11 c2
Event: 84.731 Thread 0x0000027b59a5e000 Uncommon trap: reason=profile_predicate action=maybe_recompile pc=0x0000027b49d06250 method=com.sun.javafx.geom.Path2D.append(Lcom/sun/javafx/geom/PathIterator;Z)V @ 11 c2
Event: 85.335 Thread 0x0000027b59a5e000 Uncommon trap: reason=unstable_if action=reinterpret pc=0x0000027b49cf560c method=ce1002.Final.s107502533.controller.mazecontroller.lambda$43(Lce1002/Final/s107502533/soldier;Ljavafx/scene/media/MediaPlayer;Ljavafx/event/ActionEvent;)V @ 703 c2
Event: 86.064 Thread 0x0000027b59efa000 Uncommon trap: reason=class_check action=maybe_recompile pc=0x0000027b49c988b0 method=java.util.concurrent.Executors$RunnableAdapter.call()Ljava/lang/Object; @ 4 c2
Event: 86.076 Thread 0x0000027b59efa000 Uncommon trap: reason=null_check action=make_not_entrant pc=0x0000027b49c1c094 method=com.sun.prism.impl.BaseResourcePool$WeakLinkedList.getResource()Lcom/sun/prism/impl/ManagedResource; @ 7 c2
Event: 86.113 Thread 0x0000027b59a5e000 Uncommon trap: reason=unstable_if action=reinterpret pc=0x0000027b49cef8d4 method=com.sun.scenario.animation.shared.TimelineClipCore.playTo(J)V @ 54 c2
Event: 86.113 Thread 0x0000027b59efa000 Uncommon trap: reason=unstable_if action=reinterpret pc=0x0000027b49ca4e8c method=com.sun.javafx.tk.quantum.SceneState.isValid()Z @ 4 c2
Event: 86.244 Thread 0x0000027b59efa000 Uncommon trap: reason=unstable_if action=reinterpret pc=0x0000027b49c984c8 method=com.sun.javafx.tk.quantum.SceneState.isValid()Z @ 4 c2

Classes redefined (0 events):
No events

Internal exceptions (10 events):
Event: 36.852 Thread 0x0000027b59a5e000 Implicit null exception at 0x0000027b49af9b77 to 0x0000027b49af9d32
Event: 36.852 Thread 0x0000027b59a5e000 Implicit null exception at 0x0000027b49a9cca7 to 0x0000027b49a9d6ee
Event: 81.054 Thread 0x0000027b59a5e000 Implicit null exception at 0x0000027b49c1c8a3 to 0x0000027b49c1f962
Event: 81.531 Thread 0x0000027b59a5e000 Implicit null exception at 0x0000027b49b8abff to 0x0000027b49b8aefa
Event: 81.576 Thread 0x0000027b59a5e000 Implicit null exception at 0x0000027b49c2e470 to 0x0000027b49c2e4ee
Event: 81.589 Thread 0x0000027b59a5e000 Implicit null exception at 0x0000027b49c8978a to 0x0000027b49c8a22e
Event: 81.598 Thread 0x0000027b59efa000 Implicit null exception at 0x0000027b49ca0778 to 0x0000027b49ca2696
Event: 81.615 Thread 0x0000027b59efa000 Exception <a 'java/lang/NoSuchMethodError'{0x0000000089a0cbb8}: java.lang.invoke.DirectMethodHandle$Holder.invokeStaticInit(Ljava/lang/Object;I)Ljava/lang/Object;> (0x0000000089a0cbb8) thrown at [t:/workspace/open/src/hotspot/share/interpreter/linkResolve
Event: 83.959 Thread 0x0000027b59a5e000 Implicit null exception at 0x0000027b49bea4f3 to 0x0000027b49bea83a
Event: 86.076 Thread 0x0000027b59efa000 Implicit null exception at 0x0000027b49c1c00b to 0x0000027b49c1c08a

Events (10 events):
Event: 86.187 Executing VM operation: G1CollectForAllocation done
Event: 86.196 Executing VM operation: CGC_Operation
Event: 86.201 Executing VM operation: CGC_Operation done
Event: 86.206 Executing VM operation: CGC_Operation
Event: 86.209 Executing VM operation: CGC_Operation done
Event: 86.229 Executing VM operation: RevokeBias
Event: 86.229 Executing VM operation: RevokeBias done
Event: 86.244 Thread 0x0000027b59efa000 Uncommon trap: trap_request=0xffffff4d fr.pc=0x0000027b49c984c8 relative=0x00000000000000a8
Event: 86.244 Thread 0x0000027b59efa000 DEOPT PACKING pc=0x0000027b49c984c8 sp=0x000000958c1ff280
Event: 86.244 Thread 0x0000027b59efa000 DEOPT UNPACKING pc=0x0000027b41f18f2f sp=0x000000958c1ff220 mode 2


Dynamic libraries:
0x00007ff78e750000 - 0x00007ff78e797000 	C:\Program Files\Java\jdk-11.0.2\bin\javaw.exe
0x00007ffd5f2f0000 - 0x00007ffd5f4d1000 	C:\WINDOWS\SYSTEM32\ntdll.dll
0x00007ffd5e600000 - 0x00007ffd5e6b2000 	C:\WINDOWS\System32\KERNEL32.DLL
0x00007ffd5b6c0000 - 0x00007ffd5b933000 	C:\WINDOWS\System32\KERNELBASE.dll
0x00007ffd5cd90000 - 0x00007ffd5ce31000 	C:\WINDOWS\System32\ADVAPI32.dll
0x00007ffd5e6c0000 - 0x00007ffd5e75e000 	C:\WINDOWS\System32\msvcrt.dll
0x00007ffd5ce40000 - 0x00007ffd5ce9b000 	C:\WINDOWS\System32\sechost.dll
0x00007ffd5e760000 - 0x00007ffd5e884000 	C:\WINDOWS\System32\RPCRT4.dll
0x00007ffd5ecc0000 - 0x00007ffd5ee50000 	C:\WINDOWS\System32\USER32.dll
0x00007ffd5bb90000 - 0x00007ffd5bbb0000 	C:\WINDOWS\System32\win32u.dll
0x00007ffd5cf00000 - 0x00007ffd5cf28000 	C:\WINDOWS\System32\GDI32.dll
0x00007ffd5b9f0000 - 0x00007ffd5bb82000 	C:\WINDOWS\System32\gdi32full.dll
0x00007ffd5c320000 - 0x00007ffd5c3bf000 	C:\WINDOWS\System32\msvcp_win.dll
0x00007ffd5c440000 - 0x00007ffd5c53a000 	C:\WINDOWS\System32\ucrtbase.dll
0x00007ffd4f700000 - 0x00007ffd4f969000 	C:\WINDOWS\WinSxS\amd64_microsoft.windows.common-controls_6595b64144ccf1df_6.0.17134.112_none_fb3f961b30681c12\COMCTL32.dll
0x00007ffd54fc0000 - 0x00007ffd54fca000 	C:\WINDOWS\SYSTEM32\VERSION.dll
0x00007ffd5c900000 - 0x00007ffd5cc23000 	C:\WINDOWS\System32\combase.dll
0x00007ffd5c3c0000 - 0x00007ffd5c43a000 	C:\WINDOWS\System32\bcryptPrimitives.dll
0x00007ffd5cf30000 - 0x00007ffd5cf5d000 	C:\WINDOWS\System32\IMM32.DLL
0x00007ffd42f20000 - 0x00007ffd42f36000 	C:\Program Files\Java\jdk-11.0.2\bin\vcruntime140.dll
0x00007ffd30030000 - 0x00007ffd300da000 	C:\Program Files\Java\jdk-11.0.2\bin\msvcp140.dll
0x00007ffd10700000 - 0x00007ffd11227000 	C:\Program Files\Java\jdk-11.0.2\bin\server\jvm.dll
0x00007ffd5ec00000 - 0x00007ffd5ec08000 	C:\WINDOWS\System32\PSAPI.DLL
0x00007ffd57cc0000 - 0x00007ffd57ce3000 	C:\WINDOWS\SYSTEM32\WINMM.dll
0x00007ffd46b10000 - 0x00007ffd46b19000 	C:\WINDOWS\SYSTEM32\WSOCK32.dll
0x00007ffd5e890000 - 0x00007ffd5e8fc000 	C:\WINDOWS\System32\WS2_32.dll
0x00007ffd57c90000 - 0x00007ffd57cba000 	C:\WINDOWS\SYSTEM32\WINMMBASE.dll
0x00007ffd5c540000 - 0x00007ffd5c589000 	C:\WINDOWS\System32\cfgmgr32.dll
0x00007ffd5b660000 - 0x00007ffd5b671000 	C:\WINDOWS\System32\kernel.appcore.dll
0x00007ffd50130000 - 0x00007ffd50141000 	C:\Program Files\Java\jdk-11.0.2\bin\verify.dll
0x00007ffd5a060000 - 0x00007ffd5a229000 	C:\WINDOWS\SYSTEM32\DBGHELP.DLL
0x00007ffd46030000 - 0x00007ffd46059000 	C:\WINDOWS\SYSTEM32\dbgcore.DLL
0x00007ffd436e0000 - 0x00007ffd43709000 	C:\Program Files\Java\jdk-11.0.2\bin\java.dll
0x00007ffd4e7e0000 - 0x00007ffd4e7f6000 	C:\Program Files\Java\jdk-11.0.2\bin\zip.dll
0x00007ffd50400000 - 0x00007ffd5040a000 	C:\Program Files\Java\jdk-11.0.2\bin\jimage.dll
0x00007ffd5d0c0000 - 0x00007ffd5e500000 	C:\WINDOWS\System32\SHELL32.dll
0x00007ffd5ec10000 - 0x00007ffd5ecb9000 	C:\WINDOWS\System32\shcore.dll
0x00007ffd5bbb0000 - 0x00007ffd5c2bd000 	C:\WINDOWS\System32\windows.storage.dll
0x00007ffd5cc30000 - 0x00007ffd5cc81000 	C:\WINDOWS\System32\shlwapi.dll
0x00007ffd5b680000 - 0x00007ffd5b69f000 	C:\WINDOWS\System32\profapi.dll
0x00007ffd5b610000 - 0x00007ffd5b65c000 	C:\WINDOWS\System32\powrprof.dll
0x00007ffd5b600000 - 0x00007ffd5b60a000 	C:\WINDOWS\System32\FLTLIB.DLL
0x00007ffd46b20000 - 0x00007ffd46b39000 	C:\Program Files\Java\jdk-11.0.2\bin\net.dll
0x00007ffd53600000 - 0x00007ffd536dd000 	C:\WINDOWS\SYSTEM32\WINHTTP.dll
0x00007ffd4d040000 - 0x00007ffd4d208000 	C:\WINDOWS\SYSTEM32\urlmon.dll
0x00007ffd4e000000 - 0x00007ffd4e2a2000 	C:\WINDOWS\SYSTEM32\iertutil.dll
0x00007ffd5b050000 - 0x00007ffd5b05b000 	C:\WINDOWS\SYSTEM32\CRYPTBASE.DLL
0x00007ffd5ae80000 - 0x00007ffd5aee6000 	C:\WINDOWS\system32\mswsock.dll
0x00007ffd436c0000 - 0x00007ffd436d3000 	C:\Program Files\Java\jdk-11.0.2\bin\nio.dll
0x0000027b5ac60000 - 0x0000027b5ac63000 	C:\Program Files\javafx-sdk-11.0.2\bin\api-ms-win-core-console-l1-1-0.dll
0x0000027b5ac70000 - 0x0000027b5ac73000 	C:\Program Files\javafx-sdk-11.0.2\bin\api-ms-win-core-datetime-l1-1-0.dll
0x0000027b5ac80000 - 0x0000027b5ac83000 	C:\Program Files\javafx-sdk-11.0.2\bin\api-ms-win-core-debug-l1-1-0.dll
0x0000027b5ac90000 - 0x0000027b5ac93000 	C:\Program Files\javafx-sdk-11.0.2\bin\api-ms-win-core-errorhandling-l1-1-0.dll
0x0000027b5aca0000 - 0x0000027b5aca4000 	C:\Program Files\javafx-sdk-11.0.2\bin\api-ms-win-core-file-l1-1-0.dll
0x0000027b5acb0000 - 0x0000027b5acb3000 	C:\Program Files\javafx-sdk-11.0.2\bin\api-ms-win-core-file-l1-2-0.dll
0x0000027b5acc0000 - 0x0000027b5acc3000 	C:\Program Files\javafx-sdk-11.0.2\bin\api-ms-win-core-file-l2-1-0.dll
0x0000027b5acd0000 - 0x0000027b5acd3000 	C:\Program Files\javafx-sdk-11.0.2\bin\api-ms-win-core-handle-l1-1-0.dll
0x0000027b5ace0000 - 0x0000027b5ace3000 	C:\Program Files\javafx-sdk-11.0.2\bin\api-ms-win-core-heap-l1-1-0.dll
0x0000027b5acf0000 - 0x0000027b5acf3000 	C:\Program Files\javafx-sdk-11.0.2\bin\api-ms-win-core-interlocked-l1-1-0.dll
0x0000027b5ad00000 - 0x0000027b5ad03000 	C:\Program Files\javafx-sdk-11.0.2\bin\api-ms-win-core-libraryloader-l1-1-0.dll
0x0000027b5ad10000 - 0x0000027b5ad13000 	C:\Program Files\javafx-sdk-11.0.2\bin\api-ms-win-core-localization-l1-2-0.dll
0x0000027b5ad20000 - 0x0000027b5ad23000 	C:\Program Files\javafx-sdk-11.0.2\bin\api-ms-win-core-memory-l1-1-0.dll
0x0000027b5ad30000 - 0x0000027b5ad33000 	C:\Program Files\javafx-sdk-11.0.2\bin\api-ms-win-core-namedpipe-l1-1-0.dll
0x0000027b5ad40000 - 0x0000027b5ad43000 	C:\Program Files\javafx-sdk-11.0.2\bin\api-ms-win-core-processenvironment-l1-1-0.dll
0x0000027b5ad50000 - 0x0000027b5ad53000 	C:\Program Files\javafx-sdk-11.0.2\bin\api-ms-win-core-processthreads-l1-1-0.dll
0x0000027b5ad60000 - 0x0000027b5ad63000 	C:\Program Files\javafx-sdk-11.0.2\bin\api-ms-win-core-processthreads-l1-1-1.dll
0x0000027b5ad70000 - 0x0000027b5ad73000 	C:\Program Files\javafx-sdk-11.0.2\bin\api-ms-win-core-profile-l1-1-0.dll
0x0000027b5ad80000 - 0x0000027b5ad83000 	C:\Program Files\javafx-sdk-11.0.2\bin\api-ms-win-core-rtlsupport-l1-1-0.dll
0x0000027b5ad90000 - 0x0000027b5ad93000 	C:\Program Files\javafx-sdk-11.0.2\bin\api-ms-win-core-string-l1-1-0.dll
0x0000027b5ada0000 - 0x0000027b5ada3000 	C:\Program Files\javafx-sdk-11.0.2\bin\api-ms-win-core-synch-l1-1-0.dll
0x0000027b5adb0000 - 0x0000027b5adb3000 	C:\Program Files\javafx-sdk-11.0.2\bin\api-ms-win-core-synch-l1-2-0.dll
0x0000027b5adc0000 - 0x0000027b5adc3000 	C:\Program Files\javafx-sdk-11.0.2\bin\api-ms-win-core-sysinfo-l1-1-0.dll
0x0000027b5add0000 - 0x0000027b5add3000 	C:\Program Files\javafx-sdk-11.0.2\bin\api-ms-win-core-timezone-l1-1-0.dll
0x0000027b5ade0000 - 0x0000027b5ade3000 	C:\Program Files\javafx-sdk-11.0.2\bin\api-ms-win-core-util-l1-1-0.dll
0x0000027b5adf0000 - 0x0000027b5adf3000 	C:\Program Files\javafx-sdk-11.0.2\bin\api-ms-win-crt-conio-l1-1-0.dll
0x0000027b5ae00000 - 0x0000027b5ae04000 	C:\Program Files\javafx-sdk-11.0.2\bin\api-ms-win-crt-convert-l1-1-0.dll
0x0000027b5ae10000 - 0x0000027b5ae13000 	C:\Program Files\javafx-sdk-11.0.2\bin\api-ms-win-crt-environment-l1-1-0.dll
0x0000027b5ae20000 - 0x0000027b5ae23000 	C:\Program Files\javafx-sdk-11.0.2\bin\api-ms-win-crt-filesystem-l1-1-0.dll
0x0000027b5ae30000 - 0x0000027b5ae33000 	C:\Program Files\javafx-sdk-11.0.2\bin\api-ms-win-crt-heap-l1-1-0.dll
0x0000027b5ae40000 - 0x0000027b5ae43000 	C:\Program Files\javafx-sdk-11.0.2\bin\api-ms-win-crt-locale-l1-1-0.dll
0x0000027b5ae50000 - 0x0000027b5ae55000 	C:\Program Files\javafx-sdk-11.0.2\bin\api-ms-win-crt-math-l1-1-0.dll
0x0000027b5ae60000 - 0x0000027b5ae65000 	C:\Program Files\javafx-sdk-11.0.2\bin\api-ms-win-crt-multibyte-l1-1-0.dll
0x0000027b5ae70000 - 0x0000027b5ae80000 	C:\Program Files\javafx-sdk-11.0.2\bin\api-ms-win-crt-private-l1-1-0.dll
0x0000027b5ae80000 - 0x0000027b5ae83000 	C:\Program Files\javafx-sdk-11.0.2\bin\api-ms-win-crt-process-l1-1-0.dll
0x0000027b5ae90000 - 0x0000027b5ae94000 	C:\Program Files\javafx-sdk-11.0.2\bin\api-ms-win-crt-runtime-l1-1-0.dll
0x0000027b5aea0000 - 0x0000027b5aea4000 	C:\Program Files\javafx-sdk-11.0.2\bin\api-ms-win-crt-stdio-l1-1-0.dll
0x0000027b5aeb0000 - 0x0000027b5aeb4000 	C:\Program Files\javafx-sdk-11.0.2\bin\api-ms-win-crt-string-l1-1-0.dll
0x0000027b5aec0000 - 0x0000027b5aec3000 	C:\Program Files\javafx-sdk-11.0.2\bin\api-ms-win-crt-time-l1-1-0.dll
0x0000027b5aed0000 - 0x0000027b5aed3000 	C:\Program Files\javafx-sdk-11.0.2\bin\api-ms-win-crt-utility-l1-1-0.dll
0x00007ffd24080000 - 0x00007ffd2417a000 	C:\Program Files\javafx-sdk-11.0.2\bin\ucrtbase.dll
0x00007ffd41bd0000 - 0x00007ffd41be6000 	C:\Program Files\javafx-sdk-11.0.2\bin\vcruntime140.dll
0x00007ffd2ef40000 - 0x00007ffd2efe6000 	C:\Program Files\javafx-sdk-11.0.2\bin\msvcp140.dll
0x00007ffd41ad0000 - 0x00007ffd41b21000 	C:\Program Files\javafx-sdk-11.0.2\bin\concrt140.dll
0x00007ffd3dcd0000 - 0x00007ffd3dcf3000 	C:\Program Files\javafx-sdk-11.0.2\bin\prism_d3d.dll
0x00007ffd30ab0000 - 0x00007ffd30c47000 	C:\WINDOWS\system32\d3d9.dll
0x00007ffd599c0000 - 0x00007ffd599e9000 	C:\WINDOWS\SYSTEM32\dwmapi.dll
0x00007ffd59840000 - 0x00007ffd598d8000 	C:\WINDOWS\system32\uxtheme.dll
0x00007ffcf33a0000 - 0x00007ffcf6bf9000 	C:\WINDOWS\System32\DriverStore\FileRepository\ki124014.inf_amd64_2a9c1703ea940708\igdumdim64.dll
0x00007ffd5cf60000 - 0x00007ffd5d022000 	C:\WINDOWS\System32\OLEAUT32.dll
0x00007ffd5e900000 - 0x00007ffd5ea51000 	C:\WINDOWS\System32\ole32.dll
0x00007ffd5ee70000 - 0x00007ffd5f2bb000 	C:\WINDOWS\System32\SETUPAPI.dll
0x00007ffd30330000 - 0x00007ffd30375000 	C:\Program Files\javafx-sdk-11.0.2\bin\glass.dll
0x00007ffd5e500000 - 0x00007ffd5e5ed000 	C:\WINDOWS\System32\COMDLG32.dll
0x00007ffd5c780000 - 0x00007ffd5c8f5000 	C:\WINDOWS\System32\MSCTF.dll
0x00007ffd507d0000 - 0x00007ffd51dd2000 	C:\WINDOWS\System32\DriverStore\FileRepository\ki124014.inf_amd64_2a9c1703ea940708\igc64.dll
0x00007ffd2e5b0000 - 0x00007ffd2e653000 	C:\Program Files\javafx-sdk-11.0.2\bin\glib-lite.dll
0x00007ffd2df10000 - 0x00007ffd2dfee000 	C:\Program Files\javafx-sdk-11.0.2\bin\gstreamer-lite.dll
0x00007ffd41820000 - 0x00007ffd418af000 	C:\WINDOWS\SYSTEM32\DSOUND.dll
0x00007ffd3d6a0000 - 0x00007ffd3d6c6000 	C:\Program Files\javafx-sdk-11.0.2\bin\jfxmedia.dll
0x00007ffd5cc90000 - 0x00007ffd5cd30000 	C:\WINDOWS\System32\clbcatq.dll
0x00007ffd57cf0000 - 0x00007ffd57ea4000 	C:\WINDOWS\system32\propsys.dll
0x00007ffd3cdc0000 - 0x00007ffd3cde2000 	C:\Program Files\javafx-sdk-11.0.2\bin\fxplugins.dll
0x00007ffd4f3e0000 - 0x00007ffd4f456000 	C:\WINDOWS\System32\MMDevApi.dll
0x00007ffd5b410000 - 0x00007ffd5b437000 	C:\WINDOWS\System32\DEVOBJ.dll
0x00007ffd41660000 - 0x00007ffd4178c000 	C:\WINDOWS\SYSTEM32\AUDIOSES.DLL
0x00007ffd570d0000 - 0x00007ffd5721d000 	C:\WINDOWS\SYSTEM32\wintypes.dll
0x00007ffd567e0000 - 0x00007ffd567ea000 	C:\WINDOWS\SYSTEM32\AVRT.dll
0x00007ffd391d0000 - 0x00007ffd391f9000 	C:\Windows\System32\qasf.dll
0x00007ffd46060000 - 0x00007ffd4606a000 	C:\Windows\System32\msdmo.dll
0x00007ffd1c100000 - 0x00007ffd1c34a000 	C:\Windows\System32\WMVCore.DLL
0x00007ffd30140000 - 0x00007ffd30193000 	C:\Windows\System32\WMASF.DLL
0x00007ffd39290000 - 0x00007ffd393bb000 	C:\Windows\System32\mfperfhelper.dll
0x00007ffd41bb0000 - 0x00007ffd41bcd000 	C:\Windows\System32\mp3dmod.dll
0x00007ffd4cd90000 - 0x00007ffd4cf6c000 	C:\WINDOWS\SYSTEM32\mfplat.DLL
0x00007ffd564b0000 - 0x00007ffd564de000 	C:\WINDOWS\SYSTEM32\RTWorkQ.DLL
0x00007ffd21420000 - 0x00007ffd215dd000 	C:\Windows\System32\quartz.dll
0x00007ffd5b160000 - 0x00007ffd5b185000 	C:\Windows\System32\bcrypt.dll
0x00007ffd33360000 - 0x00007ffd3338c000 	C:\Program Files\javafx-sdk-11.0.2\bin\javafx_iio.dll

dbghelp: loaded successfully - version: 4.0.5 - missing functions: none
symbol engine: initialized successfully - sym options: 0x614 - pdb path: .;C:\Program Files\Java\jdk-11.0.2\bin;C:\WINDOWS\SYSTEM32;C:\WINDOWS\WinSxS\amd64_microsoft.windows.common-controls_6595b64144ccf1df_6.0.17134.112_none_fb3f961b30681c12;C:\Program Files\Java\jdk-11.0.2\bin\server;C:\Program Files\javafx-sdk-11.0.2\bin;C:\WINDOWS\System32\DriverStore\FileRepository\ki124014.inf_amd64_2a9c1703ea940708;C:\WINDOWS\System32\DriverStore\FileRepository\nvhm.inf_amd64_ebea877f10dfbbc7;C:\Program Files\Common Files\Microsoft Shared\Ink;C:\WINDOWS\system32\IME\IMETC;C:\Windows\System32\IME\shared

VM Arguments:
jvm_args: --module-path=C:\Program Files\javafx-sdk-11.0.2\lib --add-modules=javafx.controls,javafx.fxml,javafx.media -Dfile.encoding=MS932 
java_command: ce1002.Final.s107502533.Final
java_class_path (initial): C:\Program Files\javafx-sdk-11.0.2\lib\javafx.base.jar;C:\Program Files\javafx-sdk-11.0.2\lib\javafx.controls.jar;C:\Program Files\javafx-sdk-11.0.2\lib\javafx.fxml.jar;C:\Program Files\javafx-sdk-11.0.2\lib\javafx.graphics.jar;C:\Program Files\javafx-sdk-11.0.2\lib\javafx.media.jar;C:\Program Files\javafx-sdk-11.0.2\lib\javafx.swing.jar;C:\Program Files\javafx-sdk-11.0.2\lib\javafx.web.jar;C:\Program Files\javafx-sdk-11.0.2\lib\javafx-swt.jar;D:\ProgramFiles\java\ce1002.Final.s107502533\bin
Launcher Type: SUN_STANDARD

[Global flags]
     intx CICompilerCount                          = 4                                         {product} {ergonomic}
     uint ConcGCThreads                            = 2                                         {product} {ergonomic}
     uint G1ConcRefinementThreads                  = 8                                         {product} {ergonomic}
   size_t G1HeapRegionSize                         = 1048576                                   {product} {ergonomic}
    uintx GCDrainStackTargetSize                   = 64                                        {product} {ergonomic}
   size_t InitialHeapSize                          = 134217728                                 {product} {ergonomic}
   size_t MarkStackSize                            = 4194304                                   {product} {ergonomic}
   size_t MaxHeapSize                              = 2118123520                                {product} {ergonomic}
   size_t MaxNewSize                               = 1270874112                                {product} {ergonomic}
   size_t MinHeapDeltaBytes                        = 1048576                                   {product} {ergonomic}
    uintx NonNMethodCodeHeapSize                   = 5835340                                {pd product} {ergonomic}
    uintx NonProfiledCodeHeapSize                  = 122911450                              {pd product} {ergonomic}
    uintx ProfiledCodeHeapSize                     = 122911450                              {pd product} {ergonomic}
    uintx ReservedCodeCacheSize                    = 251658240                              {pd product} {ergonomic}
     bool SegmentedCodeCache                       = true                                      {product} {ergonomic}
     bool UseCompressedClassPointers               = true                                 {lp64_product} {ergonomic}
     bool UseCompressedOops                        = true                                 {lp64_product} {ergonomic}
     bool UseG1GC                                  = true                                      {product} {ergonomic}
     bool UseLargePagesIndividualAllocation        = false                                  {pd product} {ergonomic}

Logging:
Log output configuration:
 #0: stdout all=warning uptime,level,tags
 #1: stderr all=off uptime,level,tags

Environment Variables:
PATH=C:/Program Files/Java/jdk-11.0.2/bin/server;C:/Program Files/Java/jdk-11.0.2/bin;C:\Program Files (x86)\Intel\iCLS Client\;C:\Program Files\Intel\iCLS Client\;C:\windows\system32;C:\windows;C:\windows\System32\Wbem;C:\windows\System32\WindowsPowerShell\v1.0\;C:\Program Files (x86)\NVIDIA Corporation\PhysX\Common;C:\WINDOWS\system32;C:\WINDOWS;C:\WINDOWS\System32\Wbem;C:\WINDOWS\System32\WindowsPowerShell\v1.0\;C:\Program Files (x86)\Intel\Intel(R) Management Engine Components\DAL;C:\Program Files\Intel\Intel(R) Management Engine Components\DAL;C:\Program Files (x86)\Intel\Intel(R) Management Engine Components\IPT;C:\Program Files\Intel\Intel(R) Management Engine Components\IPT;C:\WINDOWS\System32\OpenSSH\;C:\Users\wed\AppData\Local\Microsoft\WindowsApps;C:\Program Files\Java\jdk-11.0.2\bin;;C:\Users\wed\Desktop;
USERNAME=wed
OS=Windows_NT
PROCESSOR_IDENTIFIER=Intel64 Family 6 Model 158 Stepping 9, GenuineIntel



---------------  S Y S T E M  ---------------

OS: Windows 10 , 64 bit Build 17134 (10.0.17134.1)

CPU:total 8 (initial active 8) (4 cores per cpu, 2 threads per core) family 6 model 158 stepping 9, cmov, cx8, fxsr, mmx, sse, sse2, sse3, ssse3, sse4.1, sse4.2, popcnt, avx, avx2, aes, clmul, erms, 3dnowpref, lzcnt, ht, tsc, tscinvbit, bmi1, bmi2, adx, fma

Memory: 4k page, system-wide physical 8077M (2986M free)
TotalPageFile size 12429M (AvailPageFile size 4939M)
current process WorkingSet (physical memory assigned to process): 448M, peak: 456M
current process commit charge ("private bytes"): 479M, peak: 482M

vm_info: Java HotSpot(TM) 64-Bit Server VM (11.0.2+9-LTS) for windows-amd64 JRE (11.0.2+9-LTS), built on Jan 18 2019 05:24:10 by "mach5one" with MS VC++ 15.5 (VS2017)

END.
